This is pdfTeX, Version 3.141592653-2.6-1.40.25 (TeX Live 2023/Debian) (preloaded format=pdflatex 2024.6.22)  9 NOV 2025 23:42
entering extended mode
 restricted \write18 enabled.
 %&-line parsing enabled.
**equivariant-paper-detailed-proofs.tex
(./equivariant-paper-detailed-proofs.tex
LaTeX2e <2023-06-01>
L3 programming layer <2023-06-05>
(/usr/share/texlive/texmf-dist/tex/latex/base/article.cls
Document Class: article 2023/05/17 v1.4n Standard LaTeX document class
(/usr/share/texlive/texmf-dist/tex/latex/base/size11.clo
File: size11.clo 2023/05/17 v1.4n Standard LaTeX file (size option)
)
\c@part=\count185
\c@section=\count186
\c@subsection=\count187
\c@subsubsection=\count188
\c@paragraph=\count189
\c@subparagraph=\count190
\c@figure=\count191
\c@table=\count192
\abovecaptionskip=\skip48
\belowcaptionskip=\skip49
\bibindent=\dimen140
)
(/usr/share/texlive/texmf-dist/tex/latex/base/inputenc.sty
Package: inputenc 2021/02/14 v1.3d Input encoding file
\inpenc@prehook=\toks17
\inpenc@posthook=\toks18
)
(/usr/share/texlive/texmf-dist/tex/latex/amsmath/amsmath.sty
Package: amsmath 2023/05/13 v2.17o AMS math features
\@mathmargin=\skip50

For additional information on amsmath, use the `?' option.
(/usr/share/texlive/texmf-dist/tex/latex/amsmath/amstext.sty
Package: amstext 2021/08/26 v2.01 AMS text

(/usr/share/texlive/texmf-dist/tex/latex/amsmath/amsgen.sty
File: amsgen.sty 1999/11/30 v2.0 generic functions
\@emptytoks=\toks19
\ex@=\dimen141
))
(/usr/share/texlive/texmf-dist/tex/latex/amsmath/amsbsy.sty
Package: amsbsy 1999/11/29 v1.2d Bold Symbols
\pmbraise@=\dimen142
)
(/usr/share/texlive/texmf-dist/tex/latex/amsmath/amsopn.sty
Package: amsopn 2022/04/08 v2.04 operator names
)
\inf@bad=\count193
LaTeX Info: Redefining \frac on input line 234.
\uproot@=\count194
\leftroot@=\count195
LaTeX Info: Redefining \overline on input line 399.
LaTeX Info: Redefining \colon on input line 410.
\classnum@=\count196
\DOTSCASE@=\count197
LaTeX Info: Redefining \ldots on input line 496.
LaTeX Info: Redefining \dots on input line 499.
LaTeX Info: Redefining \cdots on input line 620.
\Mathstrutbox@=\box51
\strutbox@=\box52
LaTeX Info: Redefining \big on input line 722.
LaTeX Info: Redefining \Big on input line 723.
LaTeX Info: Redefining \bigg on input line 724.
LaTeX Info: Redefining \Bigg on input line 725.
\big@size=\dimen143
LaTeX Font Info:    Redeclaring font encoding OML on input line 743.
LaTeX Font Info:    Redeclaring font encoding OMS on input line 744.
\macc@depth=\count198
LaTeX Info: Redefining \bmod on input line 905.
LaTeX Info: Redefining \pmod on input line 910.
LaTeX Info: Redefining \smash on input line 940.
LaTeX Info: Redefining \relbar on input line 970.
LaTeX Info: Redefining \Relbar on input line 971.
\c@MaxMatrixCols=\count199
\dotsspace@=\muskip16
\c@parentequation=\count266
\dspbrk@lvl=\count267
\tag@help=\toks20
\row@=\count268
\column@=\count269
\maxfields@=\count270
\andhelp@=\toks21
\eqnshift@=\dimen144
\alignsep@=\dimen145
\tagshift@=\dimen146
\tagwidth@=\dimen147
\totwidth@=\dimen148
\lineht@=\dimen149
\@envbody=\toks22
\multlinegap=\skip51
\multlinetaggap=\skip52
\mathdisplay@stack=\toks23
LaTeX Info: Redefining \[ on input line 2953.
LaTeX Info: Redefining \] on input line 2954.
)
(/usr/share/texlive/texmf-dist/tex/latex/amsfonts/amssymb.sty
Package: amssymb 2013/01/14 v3.01 AMS font symbols

(/usr/share/texlive/texmf-dist/tex/latex/amsfonts/amsfonts.sty
Package: amsfonts 2013/01/14 v3.01 Basic AMSFonts support
\symAMSa=\mathgroup4
\symAMSb=\mathgroup5
LaTeX Font Info:    Redeclaring math symbol \hbar on input line 98.
LaTeX Font Info:    Overwriting math alphabet `\mathfrak' in version `bold'
(Font)                  U/euf/m/n --> U/euf/b/n on input line 106.
))
(/usr/share/texlive/texmf-dist/tex/latex/amscls/amsthm.sty
Package: amsthm 2020/05/29 v2.20.6
\thm@style=\toks24
\thm@bodyfont=\toks25
\thm@headfont=\toks26
\thm@notefont=\toks27
\thm@headpunct=\toks28
\thm@preskip=\skip53
\thm@postskip=\skip54
\thm@headsep=\skip55
\dth@everypar=\toks29
)
(/usr/share/texlive/texmf-dist/tex/latex/mathtools/mathtools.sty
Package: mathtools 2022/06/29 v1.29 mathematical typesetting tools

(/usr/share/texlive/texmf-dist/tex/latex/graphics/keyval.sty
Package: keyval 2022/05/29 v1.15 key=value parser (DPC)
\KV@toks@=\toks30
)
(/usr/share/texlive/texmf-dist/tex/latex/tools/calc.sty
Package: calc 2017/05/25 v4.3 Infix arithmetic (KKT,FJ)
\calc@Acount=\count271
\calc@Bcount=\count272
\calc@Adimen=\dimen150
\calc@Bdimen=\dimen151
\calc@Askip=\skip56
\calc@Bskip=\skip57
LaTeX Info: Redefining \setlength on input line 80.
LaTeX Info: Redefining \addtolength on input line 81.
\calc@Ccount=\count273
\calc@Cskip=\skip58
)
(/usr/share/texlive/texmf-dist/tex/latex/mathtools/mhsetup.sty
Package: mhsetup 2021/03/18 v1.4 programming setup (MH)
)
\g_MT_multlinerow_int=\count274
\l_MT_multwidth_dim=\dimen152
\origjot=\skip59
\l_MT_shortvdotswithinadjustabove_dim=\dimen153
\l_MT_shortvdotswithinadjustbelow_dim=\dimen154
\l_MT_above_intertext_sep=\dimen155
\l_MT_below_intertext_sep=\dimen156
\l_MT_above_shortintertext_sep=\dimen157
\l_MT_below_shortintertext_sep=\dimen158
\xmathstrut@box=\box53
\xmathstrut@dim=\dimen159
)
(/usr/share/texlive/texmf-dist/tex/latex/geometry/geometry.sty
Package: geometry 2020/01/02 v5.9 Page Geometry

(/usr/share/texlive/texmf-dist/tex/generic/iftex/ifvtex.sty
Package: ifvtex 2019/10/25 v1.7 ifvtex legacy package. Use iftex instead.

(/usr/share/texlive/texmf-dist/tex/generic/iftex/iftex.sty
Package: iftex 2022/02/03 v1.0f TeX engine tests
))
\Gm@cnth=\count275
\Gm@cntv=\count276
\c@Gm@tempcnt=\count277
\Gm@bindingoffset=\dimen160
\Gm@wd@mp=\dimen161
\Gm@odd@mp=\dimen162
\Gm@even@mp=\dimen163
\Gm@layoutwidth=\dimen164
\Gm@layoutheight=\dimen165
\Gm@layouthoffset=\dimen166
\Gm@layoutvoffset=\dimen167
\Gm@dimlist=\toks31
)
(/usr/share/texlive/texmf-dist/tex/latex/pgf/frontendlayer/tikz.sty
(/usr/share/texlive/texmf-dist/tex/latex/pgf/basiclayer/pgf.sty
(/usr/share/texlive/texmf-dist/tex/latex/pgf/utilities/pgfrcs.sty
(/usr/share/texlive/texmf-dist/tex/generic/pgf/utilities/pgfutil-common.tex
\pgfutil@everybye=\toks32
\pgfutil@tempdima=\dimen168
\pgfutil@tempdimb=\dimen169
)
(/usr/share/texlive/texmf-dist/tex/generic/pgf/utilities/pgfutil-latex.def
\pgfutil@abb=\box54
)
(/usr/share/texlive/texmf-dist/tex/generic/pgf/utilities/pgfrcs.code.tex
(/usr/share/texlive/texmf-dist/tex/generic/pgf/pgf.revision.tex)
Package: pgfrcs 2023-01-15 v3.1.10 (3.1.10)
))
Package: pgf 2023-01-15 v3.1.10 (3.1.10)

(/usr/share/texlive/texmf-dist/tex/latex/pgf/basiclayer/pgfcore.sty
(/usr/share/texlive/texmf-dist/tex/latex/graphics/graphicx.sty
Package: graphicx 2021/09/16 v1.2d Enhanced LaTeX Graphics (DPC,SPQR)

(/usr/share/texlive/texmf-dist/tex/latex/graphics/graphics.sty
Package: graphics 2022/03/10 v1.4e Standard LaTeX Graphics (DPC,SPQR)

(/usr/share/texlive/texmf-dist/tex/latex/graphics/trig.sty
Package: trig 2021/08/11 v1.11 sin cos tan (DPC)
)
(/usr/share/texlive/texmf-dist/tex/latex/graphics-cfg/graphics.cfg
File: graphics.cfg 2016/06/04 v1.11 sample graphics configuration
)
Package graphics Info: Driver file: pdftex.def on input line 107.

(/usr/share/texlive/texmf-dist/tex/latex/graphics-def/pdftex.def
File: pdftex.def 2022/09/22 v1.2b Graphics/color driver for pdftex
))
\Gin@req@height=\dimen170
\Gin@req@width=\dimen171
)
(/usr/share/texlive/texmf-dist/tex/latex/pgf/systemlayer/pgfsys.sty
(/usr/share/texlive/texmf-dist/tex/generic/pgf/systemlayer/pgfsys.code.tex
Package: pgfsys 2023-01-15 v3.1.10 (3.1.10)

(/usr/share/texlive/texmf-dist/tex/generic/pgf/utilities/pgfkeys.code.tex
\pgfkeys@pathtoks=\toks33
\pgfkeys@temptoks=\toks34

(/usr/share/texlive/texmf-dist/tex/generic/pgf/utilities/pgfkeyslibraryfiltered
.code.tex
\pgfkeys@tmptoks=\toks35
))
\pgf@x=\dimen172
\pgf@y=\dimen173
\pgf@xa=\dimen174
\pgf@ya=\dimen175
\pgf@xb=\dimen176
\pgf@yb=\dimen177
\pgf@xc=\dimen178
\pgf@yc=\dimen179
\pgf@xd=\dimen180
\pgf@yd=\dimen181
\w@pgf@writea=\write3
\r@pgf@reada=\read2
\c@pgf@counta=\count278
\c@pgf@countb=\count279
\c@pgf@countc=\count280
\c@pgf@countd=\count281
\t@pgf@toka=\toks36
\t@pgf@tokb=\toks37
\t@pgf@tokc=\toks38
\pgf@sys@id@count=\count282
 (/usr/share/texlive/texmf-dist/tex/generic/pgf/systemlayer/pgf.cfg
File: pgf.cfg 2023-01-15 v3.1.10 (3.1.10)
)
Driver file for pgf: pgfsys-pdftex.def
(/usr/share/texlive/texmf-dist/tex/generic/pgf/systemlayer/pgfsys-pdftex.def
File: pgfsys-pdftex.def 2023-01-15 v3.1.10 (3.1.10)

(/usr/share/texlive/texmf-dist/tex/generic/pgf/systemlayer/pgfsys-common-pdf.de
f
File: pgfsys-common-pdf.def 2023-01-15 v3.1.10 (3.1.10)
)))
(/usr/share/texlive/texmf-dist/tex/generic/pgf/systemlayer/pgfsyssoftpath.code.
tex
File: pgfsyssoftpath.code.tex 2023-01-15 v3.1.10 (3.1.10)
\pgfsyssoftpath@smallbuffer@items=\count283
\pgfsyssoftpath@bigbuffer@items=\count284
)
(/usr/share/texlive/texmf-dist/tex/generic/pgf/systemlayer/pgfsysprotocol.code.
tex
File: pgfsysprotocol.code.tex 2023-01-15 v3.1.10 (3.1.10)
)) (/usr/share/texlive/texmf-dist/tex/latex/xcolor/xcolor.sty
Package: xcolor 2022/06/12 v2.14 LaTeX color extensions (UK)

(/usr/share/texlive/texmf-dist/tex/latex/graphics-cfg/color.cfg
File: color.cfg 2016/01/02 v1.6 sample color configuration
)
Package xcolor Info: Driver file: pdftex.def on input line 227.

(/usr/share/texlive/texmf-dist/tex/latex/graphics/mathcolor.ltx)
Package xcolor Info: Model `cmy' substituted by `cmy0' on input line 1353.
Package xcolor Info: Model `hsb' substituted by `rgb' on input line 1357.
Package xcolor Info: Model `RGB' extended on input line 1369.
Package xcolor Info: Model `HTML' substituted by `rgb' on input line 1371.
Package xcolor Info: Model `Hsb' substituted by `hsb' on input line 1372.
Package xcolor Info: Model `tHsb' substituted by `hsb' on input line 1373.
Package xcolor Info: Model `HSB' substituted by `hsb' on input line 1374.
Package xcolor Info: Model `Gray' substituted by `gray' on input line 1375.
Package xcolor Info: Model `wave' substituted by `hsb' on input line 1376.
)
(/usr/share/texlive/texmf-dist/tex/generic/pgf/basiclayer/pgfcore.code.tex
Package: pgfcore 2023-01-15 v3.1.10 (3.1.10)

(/usr/share/texlive/texmf-dist/tex/generic/pgf/math/pgfmath.code.tex
(/usr/share/texlive/texmf-dist/tex/generic/pgf/math/pgfmathutil.code.tex)
(/usr/share/texlive/texmf-dist/tex/generic/pgf/math/pgfmathparser.code.tex
\pgfmath@dimen=\dimen182
\pgfmath@count=\count285
\pgfmath@box=\box55
\pgfmath@toks=\toks39
\pgfmath@stack@operand=\toks40
\pgfmath@stack@operation=\toks41
)
(/usr/share/texlive/texmf-dist/tex/generic/pgf/math/pgfmathfunctions.code.tex)
(/usr/share/texlive/texmf-dist/tex/generic/pgf/math/pgfmathfunctions.basic.code
.tex)
(/usr/share/texlive/texmf-dist/tex/generic/pgf/math/pgfmathfunctions.trigonomet
ric.code.tex)
(/usr/share/texlive/texmf-dist/tex/generic/pgf/math/pgfmathfunctions.random.cod
e.tex)
(/usr/share/texlive/texmf-dist/tex/generic/pgf/math/pgfmathfunctions.comparison
.code.tex)
(/usr/share/texlive/texmf-dist/tex/generic/pgf/math/pgfmathfunctions.base.code.
tex)
(/usr/share/texlive/texmf-dist/tex/generic/pgf/math/pgfmathfunctions.round.code
.tex)
(/usr/share/texlive/texmf-dist/tex/generic/pgf/math/pgfmathfunctions.misc.code.
tex)
(/usr/share/texlive/texmf-dist/tex/generic/pgf/math/pgfmathfunctions.integerari
thmetics.code.tex)
(/usr/share/texlive/texmf-dist/tex/generic/pgf/math/pgfmathcalc.code.tex)
(/usr/share/texlive/texmf-dist/tex/generic/pgf/math/pgfmathfloat.code.tex
\c@pgfmathroundto@lastzeros=\count286
))
(/usr/share/texlive/texmf-dist/tex/generic/pgf/math/pgfint.code.tex)
(/usr/share/texlive/texmf-dist/tex/generic/pgf/basiclayer/pgfcorepoints.code.te
x
File: pgfcorepoints.code.tex 2023-01-15 v3.1.10 (3.1.10)
\pgf@picminx=\dimen183
\pgf@picmaxx=\dimen184
\pgf@picminy=\dimen185
\pgf@picmaxy=\dimen186
\pgf@pathminx=\dimen187
\pgf@pathmaxx=\dimen188
\pgf@pathminy=\dimen189
\pgf@pathmaxy=\dimen190
\pgf@xx=\dimen191
\pgf@xy=\dimen192
\pgf@yx=\dimen193
\pgf@yy=\dimen194
\pgf@zx=\dimen195
\pgf@zy=\dimen196
)
(/usr/share/texlive/texmf-dist/tex/generic/pgf/basiclayer/pgfcorepathconstruct.
code.tex
File: pgfcorepathconstruct.code.tex 2023-01-15 v3.1.10 (3.1.10)
\pgf@path@lastx=\dimen197
\pgf@path@lasty=\dimen198
)
(/usr/share/texlive/texmf-dist/tex/generic/pgf/basiclayer/pgfcorepathusage.code
.tex
File: pgfcorepathusage.code.tex 2023-01-15 v3.1.10 (3.1.10)
\pgf@shorten@end@additional=\dimen199
\pgf@shorten@start@additional=\dimen256
)
(/usr/share/texlive/texmf-dist/tex/generic/pgf/basiclayer/pgfcorescopes.code.te
x
File: pgfcorescopes.code.tex 2023-01-15 v3.1.10 (3.1.10)
\pgfpic=\box56
\pgf@hbox=\box57
\pgf@layerbox@main=\box58
\pgf@picture@serial@count=\count287
)
(/usr/share/texlive/texmf-dist/tex/generic/pgf/basiclayer/pgfcoregraphicstate.c
ode.tex
File: pgfcoregraphicstate.code.tex 2023-01-15 v3.1.10 (3.1.10)
\pgflinewidth=\dimen257
)
(/usr/share/texlive/texmf-dist/tex/generic/pgf/basiclayer/pgfcoretransformation
s.code.tex
File: pgfcoretransformations.code.tex 2023-01-15 v3.1.10 (3.1.10)
\pgf@pt@x=\dimen258
\pgf@pt@y=\dimen259
\pgf@pt@temp=\dimen260
)
(/usr/share/texlive/texmf-dist/tex/generic/pgf/basiclayer/pgfcorequick.code.tex
File: pgfcorequick.code.tex 2023-01-15 v3.1.10 (3.1.10)
)
(/usr/share/texlive/texmf-dist/tex/generic/pgf/basiclayer/pgfcoreobjects.code.t
ex
File: pgfcoreobjects.code.tex 2023-01-15 v3.1.10 (3.1.10)
)
(/usr/share/texlive/texmf-dist/tex/generic/pgf/basiclayer/pgfcorepathprocessing
.code.tex
File: pgfcorepathprocessing.code.tex 2023-01-15 v3.1.10 (3.1.10)
)
(/usr/share/texlive/texmf-dist/tex/generic/pgf/basiclayer/pgfcorearrows.code.te
x
File: pgfcorearrows.code.tex 2023-01-15 v3.1.10 (3.1.10)
\pgfarrowsep=\dimen261
)
(/usr/share/texlive/texmf-dist/tex/generic/pgf/basiclayer/pgfcoreshade.code.tex
File: pgfcoreshade.code.tex 2023-01-15 v3.1.10 (3.1.10)
\pgf@max=\dimen262
\pgf@sys@shading@range@num=\count288
\pgf@shadingcount=\count289
)
(/usr/share/texlive/texmf-dist/tex/generic/pgf/basiclayer/pgfcoreimage.code.tex
File: pgfcoreimage.code.tex 2023-01-15 v3.1.10 (3.1.10)
)
(/usr/share/texlive/texmf-dist/tex/generic/pgf/basiclayer/pgfcoreexternal.code.
tex
File: pgfcoreexternal.code.tex 2023-01-15 v3.1.10 (3.1.10)
\pgfexternal@startupbox=\box59
)
(/usr/share/texlive/texmf-dist/tex/generic/pgf/basiclayer/pgfcorelayers.code.te
x
File: pgfcorelayers.code.tex 2023-01-15 v3.1.10 (3.1.10)
)
(/usr/share/texlive/texmf-dist/tex/generic/pgf/basiclayer/pgfcoretransparency.c
ode.tex
File: pgfcoretransparency.code.tex 2023-01-15 v3.1.10 (3.1.10)
)
(/usr/share/texlive/texmf-dist/tex/generic/pgf/basiclayer/pgfcorepatterns.code.
tex
File: pgfcorepatterns.code.tex 2023-01-15 v3.1.10 (3.1.10)
)
(/usr/share/texlive/texmf-dist/tex/generic/pgf/basiclayer/pgfcorerdf.code.tex
File: pgfcorerdf.code.tex 2023-01-15 v3.1.10 (3.1.10)
)))
(/usr/share/texlive/texmf-dist/tex/generic/pgf/modules/pgfmoduleshapes.code.tex
File: pgfmoduleshapes.code.tex 2023-01-15 v3.1.10 (3.1.10)
\pgfnodeparttextbox=\box60
) (/usr/share/texlive/texmf-dist/tex/generic/pgf/modules/pgfmoduleplot.code.tex
File: pgfmoduleplot.code.tex 2023-01-15 v3.1.10 (3.1.10)
)
(/usr/share/texlive/texmf-dist/tex/latex/pgf/compatibility/pgfcomp-version-0-65
.sty
Package: pgfcomp-version-0-65 2023-01-15 v3.1.10 (3.1.10)
\pgf@nodesepstart=\dimen263
\pgf@nodesepend=\dimen264
)
(/usr/share/texlive/texmf-dist/tex/latex/pgf/compatibility/pgfcomp-version-1-18
.sty
Package: pgfcomp-version-1-18 2023-01-15 v3.1.10 (3.1.10)
)) (/usr/share/texlive/texmf-dist/tex/latex/pgf/utilities/pgffor.sty
(/usr/share/texlive/texmf-dist/tex/latex/pgf/utilities/pgfkeys.sty
(/usr/share/texlive/texmf-dist/tex/generic/pgf/utilities/pgfkeys.code.tex))
(/usr/share/texlive/texmf-dist/tex/latex/pgf/math/pgfmath.sty
(/usr/share/texlive/texmf-dist/tex/generic/pgf/math/pgfmath.code.tex))
(/usr/share/texlive/texmf-dist/tex/generic/pgf/utilities/pgffor.code.tex
Package: pgffor 2023-01-15 v3.1.10 (3.1.10)
\pgffor@iter=\dimen265
\pgffor@skip=\dimen266
\pgffor@stack=\toks42
\pgffor@toks=\toks43
))
(/usr/share/texlive/texmf-dist/tex/generic/pgf/frontendlayer/tikz/tikz.code.tex
Package: tikz 2023-01-15 v3.1.10 (3.1.10)

(/usr/share/texlive/texmf-dist/tex/generic/pgf/libraries/pgflibraryplothandlers
.code.tex
File: pgflibraryplothandlers.code.tex 2023-01-15 v3.1.10 (3.1.10)
\pgf@plot@mark@count=\count290
\pgfplotmarksize=\dimen267
)
\tikz@lastx=\dimen268
\tikz@lasty=\dimen269
\tikz@lastxsaved=\dimen270
\tikz@lastysaved=\dimen271
\tikz@lastmovetox=\dimen272
\tikz@lastmovetoy=\dimen273
\tikzleveldistance=\dimen274
\tikzsiblingdistance=\dimen275
\tikz@figbox=\box61
\tikz@figbox@bg=\box62
\tikz@tempbox=\box63
\tikz@tempbox@bg=\box64
\tikztreelevel=\count291
\tikznumberofchildren=\count292
\tikznumberofcurrentchild=\count293
\tikz@fig@count=\count294

(/usr/share/texlive/texmf-dist/tex/generic/pgf/modules/pgfmodulematrix.code.tex
File: pgfmodulematrix.code.tex 2023-01-15 v3.1.10 (3.1.10)
\pgfmatrixcurrentrow=\count295
\pgfmatrixcurrentcolumn=\count296
\pgf@matrix@numberofcolumns=\count297
)
\tikz@expandcount=\count298

(/usr/share/texlive/texmf-dist/tex/generic/pgf/frontendlayer/tikz/libraries/tik
zlibrarytopaths.code.tex
File: tikzlibrarytopaths.code.tex 2023-01-15 v3.1.10 (3.1.10)
)))
(/usr/share/texlive/texmf-dist/tex/latex/hyperref/hyperref.sty
Package: hyperref 2023-05-16 v7.00y Hypertext links for LaTeX

(/usr/share/texlive/texmf-dist/tex/generic/ltxcmds/ltxcmds.sty
Package: ltxcmds 2020-05-10 v1.25 LaTeX kernel commands for general use (HO)
)
(/usr/share/texlive/texmf-dist/tex/generic/pdftexcmds/pdftexcmds.sty
Package: pdftexcmds 2020-06-27 v0.33 Utility functions of pdfTeX for LuaTeX (HO
)

(/usr/share/texlive/texmf-dist/tex/generic/infwarerr/infwarerr.sty
Package: infwarerr 2019/12/03 v1.5 Providing info/warning/error messages (HO)
)
Package pdftexcmds Info: \pdf@primitive is available.
Package pdftexcmds Info: \pdf@ifprimitive is available.
Package pdftexcmds Info: \pdfdraftmode found.
)
(/usr/share/texlive/texmf-dist/tex/latex/kvsetkeys/kvsetkeys.sty
Package: kvsetkeys 2022-10-05 v1.19 Key value parser (HO)
)
(/usr/share/texlive/texmf-dist/tex/generic/kvdefinekeys/kvdefinekeys.sty
Package: kvdefinekeys 2019-12-19 v1.6 Define keys (HO)
)
(/usr/share/texlive/texmf-dist/tex/generic/pdfescape/pdfescape.sty
Package: pdfescape 2019/12/09 v1.15 Implements pdfTeX's escape features (HO)
)
(/usr/share/texlive/texmf-dist/tex/latex/hycolor/hycolor.sty
Package: hycolor 2020-01-27 v1.10 Color options for hyperref/bookmark (HO)
)
(/usr/share/texlive/texmf-dist/tex/latex/letltxmacro/letltxmacro.sty
Package: letltxmacro 2019/12/03 v1.6 Let assignment for LaTeX macros (HO)
)
(/usr/share/texlive/texmf-dist/tex/latex/auxhook/auxhook.sty
Package: auxhook 2019-12-17 v1.6 Hooks for auxiliary files (HO)
)
(/usr/share/texlive/texmf-dist/tex/latex/hyperref/nameref.sty
Package: nameref 2023-05-16 v2.51 Cross-referencing by name of section

(/usr/share/texlive/texmf-dist/tex/latex/refcount/refcount.sty
Package: refcount 2019/12/15 v3.6 Data extraction from label references (HO)
)
(/usr/share/texlive/texmf-dist/tex/generic/gettitlestring/gettitlestring.sty
Package: gettitlestring 2019/12/15 v1.6 Cleanup title references (HO)

(/usr/share/texlive/texmf-dist/tex/latex/kvoptions/kvoptions.sty
Package: kvoptions 2022-06-15 v3.15 Key value format for package options (HO)
))
\c@section@level=\count299
)
(/usr/share/texlive/texmf-dist/tex/latex/etoolbox/etoolbox.sty
Package: etoolbox 2020/10/05 v2.5k e-TeX tools for LaTeX (JAW)
\etb@tempcnta=\count300
)
\@linkdim=\dimen276
\Hy@linkcounter=\count301
\Hy@pagecounter=\count302

(/usr/share/texlive/texmf-dist/tex/latex/hyperref/pd1enc.def
File: pd1enc.def 2023-05-16 v7.00y Hyperref: PDFDocEncoding definition (HO)
Now handling font encoding PD1 ...
... no UTF-8 mapping file for font encoding PD1
)
(/usr/share/texlive/texmf-dist/tex/generic/intcalc/intcalc.sty
Package: intcalc 2019/12/15 v1.3 Expandable calculations with integers (HO)
)
\Hy@SavedSpaceFactor=\count303

(/usr/share/texlive/texmf-dist/tex/latex/hyperref/puenc.def
File: puenc.def 2023-05-16 v7.00y Hyperref: PDF Unicode definition (HO)
Now handling font encoding PU ...
... no UTF-8 mapping file for font encoding PU
)
Package hyperref Info: Hyper figures OFF on input line 4167.
Package hyperref Info: Link nesting OFF on input line 4172.
Package hyperref Info: Hyper index ON on input line 4175.
Package hyperref Info: Plain pages OFF on input line 4182.
Package hyperref Info: Backreferencing OFF on input line 4187.
Package hyperref Info: Implicit mode ON; LaTeX internals redefined.
Package hyperref Info: Bookmarks ON on input line 4434.
\c@Hy@tempcnt=\count304

(/usr/share/texlive/texmf-dist/tex/latex/url/url.sty
\Urlmuskip=\muskip17
Package: url 2013/09/16  ver 3.4  Verb mode for urls, etc.
)
LaTeX Info: Redefining \url on input line 4772.
\XeTeXLinkMargin=\dimen277

(/usr/share/texlive/texmf-dist/tex/generic/bitset/bitset.sty
Package: bitset 2019/12/09 v1.3 Handle bit-vector datatype (HO)

(/usr/share/texlive/texmf-dist/tex/generic/bigintcalc/bigintcalc.sty
Package: bigintcalc 2019/12/15 v1.5 Expandable calculations on big integers (HO
)
))
\Fld@menulength=\count305
\Field@Width=\dimen278
\Fld@charsize=\dimen279
Package hyperref Info: Hyper figures OFF on input line 6051.
Package hyperref Info: Link nesting OFF on input line 6056.
Package hyperref Info: Hyper index ON on input line 6059.
Package hyperref Info: backreferencing OFF on input line 6066.
Package hyperref Info: Link coloring OFF on input line 6071.
Package hyperref Info: Link coloring with OCG OFF on input line 6076.
Package hyperref Info: PDF/A mode OFF on input line 6081.

(/usr/share/texlive/texmf-dist/tex/latex/base/atbegshi-ltx.sty
Package: atbegshi-ltx 2021/01/10 v1.0c Emulation of the original atbegshi
package with kernel methods
)
\Hy@abspage=\count306
\c@Item=\count307
\c@Hfootnote=\count308
)
Package hyperref Info: Driver (autodetected): hpdftex.

(/usr/share/texlive/texmf-dist/tex/latex/hyperref/hpdftex.def
File: hpdftex.def 2023-05-16 v7.00y Hyperref driver for pdfTeX

(/usr/share/texlive/texmf-dist/tex/latex/base/atveryend-ltx.sty
Package: atveryend-ltx 2020/08/19 v1.0a Emulation of the original atveryend pac
kage
with kernel methods
)
\Fld@listcount=\count309
\c@bookmark@seq@number=\count310

(/usr/share/texlive/texmf-dist/tex/latex/rerunfilecheck/rerunfilecheck.sty
Package: rerunfilecheck 2022-07-10 v1.10 Rerun checks for auxiliary files (HO)

(/usr/share/texlive/texmf-dist/tex/generic/uniquecounter/uniquecounter.sty
Package: uniquecounter 2019/12/15 v1.4 Provide unlimited unique counter (HO)
)
Package uniquecounter Info: New unique counter `rerunfilecheck' on input line 2
85.
)
\Hy@SectionHShift=\skip60
)
(/usr/share/texlive/texmf-dist/tex/latex/enumitem/enumitem.sty
Package: enumitem 2019/06/20 v3.9 Customized lists
\labelindent=\skip61
\enit@outerparindent=\dimen280
\enit@toks=\toks44
\enit@inbox=\box65
\enit@count@id=\count311
\enitdp@description=\count312
)
(/usr/share/texlive/texmf-dist/tex/latex/l3backend/l3backend-pdftex.def
File: l3backend-pdftex.def 2023-04-19 L3 backend support: PDF output (pdfTeX)
\l__color_backend_stack_int=\count313
\l__pdf_internal_box=\box66
)
(./equivariant-paper-detailed-proofs.aux)
\openout1 = `equivariant-paper-detailed-proofs.aux'.

LaTeX Font Info:    Checking defaults for OML/cmm/m/it on input line 29.
LaTeX Font Info:    ... okay on input line 29.
LaTeX Font Info:    Checking defaults for OMS/cmsy/m/n on input line 29.
LaTeX Font Info:    ... okay on input line 29.
LaTeX Font Info:    Checking defaults for OT1/cmr/m/n on input line 29.
LaTeX Font Info:    ... okay on input line 29.
LaTeX Font Info:    Checking defaults for T1/cmr/m/n on input line 29.
LaTeX Font Info:    ... okay on input line 29.
LaTeX Font Info:    Checking defaults for TS1/cmr/m/n on input line 29.
LaTeX Font Info:    ... okay on input line 29.
LaTeX Font Info:    Checking defaults for OMX/cmex/m/n on input line 29.
LaTeX Font Info:    ... okay on input line 29.
LaTeX Font Info:    Checking defaults for U/cmr/m/n on input line 29.
LaTeX Font Info:    ... okay on input line 29.
LaTeX Font Info:    Checking defaults for PD1/pdf/m/n on input line 29.
LaTeX Font Info:    ... okay on input line 29.
LaTeX Font Info:    Checking defaults for PU/pdf/m/n on input line 29.
LaTeX Font Info:    ... okay on input line 29.

*geometry* driver: auto-detecting
*geometry* detected driver: pdftex
*geometry* verbose mode - [ preamble ] result:
* driver: pdftex
* paper: <default>
* layout: <same size as paper>
* layoutoffset:(h,v)=(0.0pt,0.0pt)
* modes: 
* h-part:(L,W,R)=(72.26999pt, 469.75502pt, 72.26999pt)
* v-part:(T,H,B)=(72.26999pt, 650.43001pt, 72.26999pt)
* \paperwidth=614.295pt
* \paperheight=794.96999pt
* \textwidth=469.75502pt
* \textheight=650.43001pt
* \oddsidemargin=0.0pt
* \evensidemargin=0.0pt
* \topmargin=-37.0pt
* \headheight=12.0pt
* \headsep=25.0pt
* \topskip=11.0pt
* \footskip=30.0pt
* \marginparwidth=59.0pt
* \marginparsep=10.0pt
* \columnsep=10.0pt
* \skip\footins=10.0pt plus 4.0pt minus 2.0pt
* \hoffset=0.0pt
* \voffset=0.0pt
* \mag=1000
* \@twocolumnfalse
* \@twosidefalse
* \@mparswitchfalse
* \@reversemarginfalse
* (1in=72.27pt=25.4mm, 1cm=28.453pt)

(/usr/share/texlive/texmf-dist/tex/context/base/mkii/supp-pdf.mkii
[Loading MPS to PDF converter (version 2006.09.02).]
\scratchcounter=\count314
\scratchdimen=\dimen281
\scratchbox=\box67
\nofMPsegments=\count315
\nofMParguments=\count316
\everyMPshowfont=\toks45
\MPscratchCnt=\count317
\MPscratchDim=\dimen282
\MPnumerator=\count318
\makeMPintoPDFobject=\count319
\everyMPtoPDFconversion=\toks46
) (/usr/share/texlive/texmf-dist/tex/latex/epstopdf-pkg/epstopdf-base.sty
Package: epstopdf-base 2020-01-24 v2.11 Base part for package epstopdf
Package epstopdf-base Info: Redefining graphics rule for `.eps' on input line 4
85.

(/usr/share/texlive/texmf-dist/tex/latex/latexconfig/epstopdf-sys.cfg
File: epstopdf-sys.cfg 2010/07/13 v1.3 Configuration of (r)epstopdf for TeX Liv
e
))
Package hyperref Info: Link coloring OFF on input line 29.

(./equivariant-paper-detailed-proofs.out)
(./equivariant-paper-detailed-proofs.out)
\@outlinefile=\write4
\openout4 = `equivariant-paper-detailed-proofs.out'.

LaTeX Font Info:    Trying to load font information for U+msa on input line 32.


(/usr/share/texlive/texmf-dist/tex/latex/amsfonts/umsa.fd
File: umsa.fd 2013/01/14 v3.01 AMS symbols A
)
LaTeX Font Info:    Trying to load font information for U+msb on input line 32.


(/usr/share/texlive/texmf-dist/tex/latex/amsfonts/umsb.fd
File: umsb.fd 2013/01/14 v3.01 AMS symbols B
)
(./equivariant-paper-detailed-proofs.toc)
\tf@toc=\write5
\openout5 = `equivariant-paper-detailed-proofs.toc'.

 [1

{/var/lib/texmf/fonts/map/pdftex/updmap/pdftex.map}]
Overfull \hbox (122.95396pt too wide) detected at line 79
[] [][] \OT1/cmr/m/n/10.95 [[] : \OML/cmm/m/it/10.95 T\OT1/cmr/m/n/10.95 0\OML/
cmm/m/it/10.95 :\OT1/cmr/m/n/10.95 4]
 []

[2]
Overfull \hbox (58.47543pt too wide) detected at line 109
[] [][] \OT1/cmr/m/n/10.95 [[] : \OML/cmm/m/it/10.95 T\OT1/cmr/m/n/10.95 0\OML/
cmm/m/it/10.95 :\OT1/cmr/m/n/10.95 8]
 []


Overfull \hbox (95.88675pt too wide) detected at line 124
[] [][] \OT1/cmr/m/n/10.95 [[] : \OML/cmm/m/it/10.95 T\OT1/cmr/m/n/10.95 0\OML/
cmm/m/it/10.95 :\OT1/cmr/m/n/10.95 3\OML/cmm/m/it/10.95 ; T\OT1/cmr/m/n/10.95 0
\OML/cmm/m/it/10.95 :\OT1/cmr/m/n/10.95 4\OML/cmm/m/it/10.95 ; T\OT1/cmr/m/n/10
.95 0\OML/cmm/m/it/10.95 :\OT1/cmr/m/n/10.95 5\OML/cmm/m/it/10.95 ; T\OT1/cmr/m
/n/10.95 0\OML/cmm/m/it/10.95 :\OT1/cmr/m/n/10.95 10]
 []


Overfull \hbox (42.92346pt too wide) detected at line 136
[] [][] \OT1/cmr/m/n/10.95 [[] : \OML/cmm/m/it/10.95 T\OT1/cmr/m/n/10.95 0\OML/
cmm/m/it/10.95 :\OT1/cmr/m/n/10.95 11\OML/cmm/m/it/10.95 ; T\OT1/cmr/m/n/10.95 
0\OML/cmm/m/it/10.95 :\OT1/cmr/m/n/10.95 10\OML/cmm/m/it/10.95 ; T\OT1/cmr/m/n/
10.95 0\OML/cmm/m/it/10.95 :\OT1/cmr/m/n/10.95 12\OML/cmm/m/it/10.95 ; T\OT1/cm
r/m/n/10.95 0\OML/cmm/m/it/10.95 :\OT1/cmr/m/n/10.95 9]
 []

[3]
Overfull \hbox (153.6373pt too wide) detected at line 171
[] [][] \OT1/cmr/m/n/10.95 [[] : \OML/cmm/m/it/10.95 T\OT1/cmr/m/n/10.95 0\OML/
cmm/m/it/10.95 :\OT1/cmr/m/n/10.95 17\OML/cmm/m/it/10.95 ; T\OT1/cmr/m/n/10.95 
0\OML/cmm/m/it/10.95 :\OT1/cmr/m/n/10.95 16\OML/cmm/m/it/10.95 ; T\OT1/cmr/m/n/
10.95 0\OML/cmm/m/it/10.95 :\OT1/cmr/m/n/10.95 11\OML/cmm/m/it/10.95 ; T\OT1/cm
r/m/n/10.95 0\OML/cmm/m/it/10.95 :\OT1/cmr/m/n/10.95 6\OML/cmm/m/it/10.95 ; T\O
T1/cmr/m/n/10.95 0\OML/cmm/m/it/10.95 :\OT1/cmr/m/n/10.95 4\OML/cmm/m/it/10.95 
; T\OT1/cmr/m/n/10.95 0\OML/cmm/m/it/10.95 :\OT1/cmr/m/n/10.95 7]
 []


Overfull \hbox (46.54953pt too wide) detected at line 186
[] [][] \OT1/cmr/m/n/10.95 [[] : \OML/cmm/m/it/10.95 T\OT1/cmr/m/n/10.95 0\OML/
cmm/m/it/10.95 :\OT1/cmr/m/n/10.95 1\OML/cmm/m/it/10.95 ; T\OT1/cmr/m/n/10.95 0
\OML/cmm/m/it/10.95 :\OT1/cmr/m/n/10.95 3\OML/cmm/m/it/10.95 ; T\OT1/cmr/m/n/10
.95 0\OML/cmm/m/it/10.95 :\OT1/cmr/m/n/10.95 10\OML/cmm/m/it/10.95 ; T\OT1/cmr/
m/n/10.95 0\OML/cmm/m/it/10.95 :\OT1/cmr/m/n/10.95 16]
 []


Overfull \hbox (37.02779pt too wide) detected at line 214
[] [][] \OT1/cmr/m/n/10.95 [[] : \OML/cmm/m/it/10.95 T\OT1/cmr/m/n/10.95 1\OML/
cmm/m/it/10.95 :\OT1/cmr/m/n/10.95 2\OML/cmm/m/it/10.95 ; T\OT1/cmr/m/n/10.95 1
\OML/cmm/m/it/10.95 :\OT1/cmr/m/n/10.95 1\OML/cmm/m/it/10.95 ; T\OT1/cmr/m/n/10
.95 0\OML/cmm/m/it/10.95 :\OT1/cmr/m/n/10.95 6\OML/cmm/m/it/10.95 ; T\OT1/cmr/m
/n/10.95 0\OML/cmm/m/it/10.95 :\OT1/cmr/m/n/10.95 16]
 []

[4]
Overfull \hbox (64.2054pt too wide) detected at line 221
[] [][] \OT1/cmr/m/n/10.95 [[] : \OML/cmm/m/it/10.95 T\OT1/cmr/m/n/10.95 2\OML/
cmm/m/it/10.95 :\OT1/cmr/m/n/10.95 1\OML/cmm/m/it/10.95 ; T\OT1/cmr/m/n/10.95 0
\OML/cmm/m/it/10.95 :\OT1/cmr/m/n/10.95 17\OML/cmm/m/it/10.95 ; T\OT1/cmr/m/n/1
0.95 0\OML/cmm/m/it/10.95 :\OT1/cmr/m/n/10.95 16\OML/cmm/m/it/10.95 ; T\OT1/cmr
/m/n/10.95 0\OML/cmm/m/it/10.95 :\OT1/cmr/m/n/10.95 3]
 []


Overfull \hbox (59.45886pt too wide) detected at line 227
[] [][] \OT1/cmr/m/n/10.95 [[] : \OML/cmm/m/it/10.95 T\OT1/cmr/m/n/10.95 2\OML/
cmm/m/it/10.95 :\OT1/cmr/m/n/10.95 2\OML/cmm/m/it/10.95 ; T\OT1/cmr/m/n/10.95 0
\OML/cmm/m/it/10.95 :\OT1/cmr/m/n/10.95 6\OML/cmm/m/it/10.95 ; T\OT1/cmr/m/n/10
.95 0\OML/cmm/m/it/10.95 :\OT1/cmr/m/n/10.95 16\OML/cmm/m/it/10.95 ; T\OT1/cmr/
m/n/10.95 0\OML/cmm/m/it/10.95 :\OT1/cmr/m/n/10.95 5]
 []


Overfull \hbox (4.76765pt too wide) detected at line 236
[] [][] \OT1/cmr/m/n/10.95 [[] : \OML/cmm/m/it/10.95 T\OT1/cmr/m/n/10.95 1\OML/
cmm/m/it/10.95 :\OT1/cmr/m/n/10.95 3\OML/cmm/m/it/10.95 ; T\OT1/cmr/m/n/10.95 2
\OML/cmm/m/it/10.95 :\OT1/cmr/m/n/10.95 3\OML/cmm/m/it/10.95 ; T\OT1/cmr/m/n/10
.95 2\OML/cmm/m/it/10.95 :\OT1/cmr/m/n/10.95 4\OML/cmm/m/it/10.95 ; T\OT1/cmr/m
/n/10.95 0\OML/cmm/m/it/10.95 :\OT1/cmr/m/n/10.95 17\OML/cmm/m/it/10.95 ; T\OT1
/cmr/m/n/10.95 0\OML/cmm/m/it/10.95 :\OT1/cmr/m/n/10.95 5]
 []


Overfull \hbox (7.68878pt too wide) detected at line 246
[] [][] \OT1/cmr/m/n/10.95 [[] : \OML/cmm/m/it/10.95 T\OT1/cmr/m/n/10.95 1\OML/
cmm/m/it/10.95 :\OT1/cmr/m/n/10.95 6\OML/cmm/m/it/10.95 ; T\OT1/cmr/m/n/10.95 2
\OML/cmm/m/it/10.95 :\OT1/cmr/m/n/10.95 6\OML/cmm/m/it/10.95 ; T\OT1/cmr/m/n/10
.95 0\OML/cmm/m/it/10.95 :\OT1/cmr/m/n/10.95 11\OML/cmm/m/it/10.95 ; T\OT1/cmr/
m/n/10.95 2\OML/cmm/m/it/10.95 :\OT1/cmr/m/n/10.95 3]
 []


Overfull \hbox (229.5608pt too wide) detected at line 251
[] [][] \OT1/cmr/m/n/10.95 [[] : \OML/cmm/m/it/10.95 T\OT1/cmr/m/n/10.95 2\OML/
cmm/m/it/10.95 :\OT1/cmr/m/n/10.95 7\OML/cmm/m/it/10.95 ; T\OT1/cmr/m/n/10.95 0
\OML/cmm/m/it/10.95 :\OT1/cmr/m/n/10.95 18\OML/cmm/m/it/10.95 ; T\OT1/cmr/m/n/1
0.95 0\OML/cmm/m/it/10.95 :\OT1/cmr/m/n/10.95 5\OML/cmm/m/it/10.95 ; T\OT1/cmr/
m/n/10.95 2\OML/cmm/m/it/10.95 :\OT1/cmr/m/n/10.95 3\OML/cmm/m/it/10.95 ; T\OT1
/cmr/m/n/10.95 0\OML/cmm/m/it/10.95 :\OT1/cmr/m/n/10.95 6\OML/cmm/m/it/10.95 ; 
T\OT1/cmr/m/n/10.95 0\OML/cmm/m/it/10.95 :\OT1/cmr/m/n/10.95 7\OML/cmm/m/it/10.
95 ; T\OT1/cmr/m/n/10.95 0\OML/cmm/m/it/10.95 :\OT1/cmr/m/n/10.95 4]
 []


Overfull \hbox (29.52458pt too wide) detected at line 264
[] [][] \OT1/cmr/m/n/10.95 [[] : \OML/cmm/m/it/10.95 T\OT1/cmr/m/n/10.95 2\OML/
cmm/m/it/10.95 :\OT1/cmr/m/n/10.95 3\OML/cmm/m/it/10.95 ; T\OT1/cmr/m/n/10.95 0
\OML/cmm/m/it/10.95 :\OT1/cmr/m/n/10.95 15\OML/cmm/m/it/10.95 ; T\OT1/cmr/m/n/1
0.95 0\OML/cmm/m/it/10.95 :\OT1/cmr/m/n/10.95 2\OML/cmm/m/it/10.95 ; T\OT1/cmr/
m/n/10.95 0\OML/cmm/m/it/10.95 :\OT1/cmr/m/n/10.95 14\OML/cmm/m/it/10.95 ; T\OT
1/cmr/m/n/10.95 0\OML/cmm/m/it/10.95 :\OT1/cmr/m/n/10.95 6]
 []

[5]
Overfull \hbox (110.58731pt too wide) detected at line 283
[] [][] \OT1/cmr/m/n/10.95 [[] : \OML/cmm/m/it/10.95 T\OT1/cmr/m/n/10.95 3\OML/
cmm/m/it/10.95 :\OT1/cmr/m/n/10.95 1\OML/cmm/m/it/10.95 ; T\OT1/cmr/m/n/10.95 0
\OML/cmm/m/it/10.95 :\OT1/cmr/m/n/10.95 16\OML/cmm/m/it/10.95 ; T\OT1/cmr/m/n/1
0.95 0\OML/cmm/m/it/10.95 :\OT1/cmr/m/n/10.95 20\OML/cmm/m/it/10.95 ; T\OT1/cmr
/m/n/10.95 0\OML/cmm/m/it/10.95 :\OT1/cmr/m/n/10.95 7\OML/cmm/m/it/10.95 ; T\OT
1/cmr/m/n/10.95 0\OML/cmm/m/it/10.95 :\OT1/cmr/m/n/10.95 6\OML/cmm/m/it/10.95 ;
 T\OT1/cmr/m/n/10.95 0\OML/cmm/m/it/10.95 :\OT1/cmr/m/n/10.95 4\OML/cmm/m/it/10
.95 ; T\OT1/cmr/m/n/10.95 0\OML/cmm/m/it/10.95 :\OT1/cmr/m/n/10.95 11]
 []


Overfull \hbox (167.26567pt too wide) detected at line 289
[] [][] \OT1/cmr/m/n/10.95 [[] : \OML/cmm/m/it/10.95 T\OT1/cmr/m/n/10.95 0\OML/
cmm/m/it/10.95 :\OT1/cmr/m/n/10.95 16\OML/cmm/m/it/10.95 ; T\OT1/cmr/m/n/10.95 
0\OML/cmm/m/it/10.95 :\OT1/cmr/m/n/10.95 20\OML/cmm/m/it/10.95 ; T\OT1/cmr/m/n/
10.95 0\OML/cmm/m/it/10.95 :\OT1/cmr/m/n/10.95 6\OML/cmm/m/it/10.95 ; T\OT1/cmr
/m/n/10.95 0\OML/cmm/m/it/10.95 :\OT1/cmr/m/n/10.95 4\OML/cmm/m/it/10.95 ; T\OT
1/cmr/m/n/10.95 0\OML/cmm/m/it/10.95 :\OT1/cmr/m/n/10.95 11\OML/cmm/m/it/10.95 
; T\OT1/cmr/m/n/10.95 0\OML/cmm/m/it/10.95 :\OT1/cmr/m/n/10.95 7]
 []


Overfull \hbox (126.52614pt too wide) detected at line 296
[] [][] \OT1/cmr/m/n/10.95 [[] : \OML/cmm/m/it/10.95 T\OT1/cmr/m/n/10.95 2\OML/
cmm/m/it/10.95 :\OT1/cmr/m/n/10.95 3\OML/cmm/m/it/10.95 ; T\OT1/cmr/m/n/10.95 0
\OML/cmm/m/it/10.95 :\OT1/cmr/m/n/10.95 6\OML/cmm/m/it/10.95 ; T\OT1/cmr/m/n/10
.95 0\OML/cmm/m/it/10.95 :\OT1/cmr/m/n/10.95 7\OML/cmm/m/it/10.95 ; T\OT1/cmr/m
/n/10.95 0\OML/cmm/m/it/10.95 :\OT1/cmr/m/n/10.95 5\OML/cmm/m/it/10.95 ; T\OT1/
cmr/m/n/10.95 0\OML/cmm/m/it/10.95 :\OT1/cmr/m/n/10.95 4\OML/cmm/m/it/10.95 ; T
\OT1/cmr/m/n/10.95 0\OML/cmm/m/it/10.95 :\OT1/cmr/m/n/10.95 18\OML/cmm/m/it/10.
95 ; T\OT1/cmr/m/n/10.95 3\OML/cmm/m/it/10.95 :\OT1/cmr/m/n/10.95 3]
 []


Overfull \hbox (13.29578pt too wide) detected at line 302
[] [][] \OT1/cmr/m/n/10.95 [[] : \OML/cmm/m/it/10.95 T\OT1/cmr/m/n/10.95 2\OML/
cmm/m/it/10.95 :\OT1/cmr/m/n/10.95 8\OML/cmm/m/it/10.95 ; T\OT1/cmr/m/n/10.95 3
\OML/cmm/m/it/10.95 :\OT1/cmr/m/n/10.95 2\OML/cmm/m/it/10.95 ; T\OT1/cmr/m/n/10
.95 0\OML/cmm/m/it/10.95 :\OT1/cmr/m/n/10.95 6\OML/cmm/m/it/10.95 ; T\OT1/cmr/m
/n/10.95 0\OML/cmm/m/it/10.95 :\OT1/cmr/m/n/10.95 4]
 []


Overfull \hbox (38.51558pt too wide) detected at line 310
[] [][] \OT1/cmr/m/n/10.95 [[] : \OML/cmm/m/it/10.95 T\OT1/cmr/m/n/10.95 3\OML/
cmm/m/it/10.95 :\OT1/cmr/m/n/10.95 5\OML/cmm/m/it/10.95 ; T\OT1/cmr/m/n/10.95 2
\OML/cmm/m/it/10.95 :\OT1/cmr/m/n/10.95 10\OML/cmm/m/it/10.95 ; T\OT1/cmr/m/n/1
0.95 2\OML/cmm/m/it/10.95 :\OT1/cmr/m/n/10.95 11\OML/cmm/m/it/10.95 ; T\OT1/cmr
/m/n/10.95 3\OML/cmm/m/it/10.95 :\OT1/cmr/m/n/10.95 4\OML/cmm/m/it/10.95 ; T\OT
1/cmr/m/n/10.95 0\OML/cmm/m/it/10.95 :\OT1/cmr/m/n/10.95 5\OML/cmm/m/it/10.95 ;
 T\OT1/cmr/m/n/10.95 0\OML/cmm/m/it/10.95 :\OT1/cmr/m/n/10.95 6]
 []


Overfull \hbox (158.96712pt too wide) detected at line 316
[] [][] \OT1/cmr/m/n/10.95 [[] : \OML/cmm/m/it/10.95 T\OT1/cmr/m/n/10.95 3\OML/
cmm/m/it/10.95 :\OT1/cmr/m/n/10.95 6\OML/cmm/m/it/10.95 ; T\OT1/cmr/m/n/10.95 2
\OML/cmm/m/it/10.95 :\OT1/cmr/m/n/10.95 9\OML/cmm/m/it/10.95 ; T\OT1/cmr/m/n/10
.95 3\OML/cmm/m/it/10.95 :\OT1/cmr/m/n/10.95 5\OML/cmm/m/it/10.95 ; T\OT1/cmr/m
/n/10.95 3\OML/cmm/m/it/10.95 :\OT1/cmr/m/n/10.95 2\OML/cmm/m/it/10.95 ; T\OT1/
cmr/m/n/10.95 2\OML/cmm/m/it/10.95 :\OT1/cmr/m/n/10.95 10\OML/cmm/m/it/10.95 ; 
T\OT1/cmr/m/n/10.95 0\OML/cmm/m/it/10.95 :\OT1/cmr/m/n/10.95 6\OML/cmm/m/it/10.
95 ; T\OT1/cmr/m/n/10.95 0\OML/cmm/m/it/10.95 :\OT1/cmr/m/n/10.95 4]
 []


Overfull \hbox (56.79764pt too wide) detected at line 345
[] [][] \OT1/cmr/m/n/10.95 [[] : \OML/cmm/m/it/10.95 T\OT1/cmr/m/n/10.95 4\OML/
cmm/m/it/10.95 :\OT1/cmr/m/n/10.95 3\OML/cmm/m/it/10.95 ; T\OT1/cmr/m/n/10.95 4
\OML/cmm/m/it/10.95 :\OT1/cmr/m/n/10.95 2\OML/cmm/m/it/10.95 ; T\OT1/cmr/m/n/10
.95 2\OML/cmm/m/it/10.95 :\OT1/cmr/m/n/10.95 10\OML/cmm/m/it/10.95 ; T\OT1/cmr/
m/n/10.95 0\OML/cmm/m/it/10.95 :\OT1/cmr/m/n/10.95 3]
 []

[6]
Overfull \hbox (146.65883pt too wide) detected at line 354
[] [][] \OT1/cmr/m/n/10.95 [[] : \OML/cmm/m/it/10.95 T\OT1/cmr/m/n/10.95 4\OML/
cmm/m/it/10.95 :\OT1/cmr/m/n/10.95 4\OML/cmm/m/it/10.95 ; T\OT1/cmr/m/n/10.95 3
\OML/cmm/m/it/10.95 :\OT1/cmr/m/n/10.95 6\OML/cmm/m/it/10.95 ; T\OT1/cmr/m/n/10
.95 3\OML/cmm/m/it/10.95 :\OT1/cmr/m/n/10.95 7\OML/cmm/m/it/10.95 ; T\OT1/cmr/m
/n/10.95 4\OML/cmm/m/it/10.95 :\OT1/cmr/m/n/10.95 2\OML/cmm/m/it/10.95 ; T\OT1/
cmr/m/n/10.95 2\OML/cmm/m/it/10.95 :\OT1/cmr/m/n/10.95 9\OML/cmm/m/it/10.95 ; T
\OT1/cmr/m/n/10.95 2\OML/cmm/m/it/10.95 :\OT1/cmr/m/n/10.95 10\OML/cmm/m/it/10.
95 ; T\OT1/cmr/m/n/10.95 0\OML/cmm/m/it/10.95 :\OT1/cmr/m/n/10.95 3]
 []


Overfull \hbox (200.39494pt too wide) detected at line 370
[] [][] \OT1/cmr/m/n/10.95 [[] : \OML/cmm/m/it/10.95 T\OT1/cmr/m/n/10.95 0\OML/
cmm/m/it/10.95 :\OT1/cmr/m/n/10.95 13\OML/cmm/m/it/10.95 ; T\OT1/cmr/m/n/10.95 
5\OML/cmm/m/it/10.95 :\OT1/cmr/m/n/10.95 1\OML/cmm/m/it/10.95 ; T\OT1/cmr/m/n/1
0.95 0\OML/cmm/m/it/10.95 :\OT1/cmr/m/n/10.95 12\OML/cmm/m/it/10.95 ; T\OT1/cmr
/m/n/10.95 0\OML/cmm/m/it/10.95 :\OT1/cmr/m/n/10.95 11\OML/cmm/m/it/10.95 ; T\O
T1/cmr/m/n/10.95 0\OML/cmm/m/it/10.95 :\OT1/cmr/m/n/10.95 9]
 []


Overfull \hbox (203.97023pt too wide) detected at line 377
[] [][] \OT1/cmr/m/n/10.95 [[] : \OML/cmm/m/it/10.95 T\OT1/cmr/m/n/10.95 1\OML/
cmm/m/it/10.95 :\OT1/cmr/m/n/10.95 6\OML/cmm/m/it/10.95 ; T\OT1/cmr/m/n/10.95 1
\OML/cmm/m/it/10.95 :\OT1/cmr/m/n/10.95 4\OML/cmm/m/it/10.95 ; T\OT1/cmr/m/n/10
.95 1\OML/cmm/m/it/10.95 :\OT1/cmr/m/n/10.95 5\OML/cmm/m/it/10.95 ; T\OT1/cmr/m
/n/10.95 5\OML/cmm/m/it/10.95 :\OT1/cmr/m/n/10.95 2\OML/cmm/m/it/10.95 ; T\OT1/
cmr/m/n/10.95 5\OML/cmm/m/it/10.95 :\OT1/cmr/m/n/10.95 1\OML/cmm/m/it/10.95 ; T
\OT1/cmr/m/n/10.95 0\OML/cmm/m/it/10.95 :\OT1/cmr/m/n/10.95 11\OML/cmm/m/it/10.
95 ; T\OT1/cmr/m/n/10.95 0\OML/cmm/m/it/10.95 :\OT1/cmr/m/n/10.95 12\OML/cmm/m/
it/10.95 ; T\OT1/cmr/m/n/10.95 0\OML/cmm/m/it/10.95 :\OT1/cmr/m/n/10.95 9]
 []


Overfull \hbox (19.53806pt too wide) detected at line 392
[] [][] \OT1/cmr/m/n/10.95 [[] : \OML/cmm/m/it/10.95 T\OT1/cmr/m/n/10.95 5\OML/
cmm/m/it/10.95 :\OT1/cmr/m/n/10.95 4\OML/cmm/m/it/10.95 ; T\OT1/cmr/m/n/10.95 5
\OML/cmm/m/it/10.95 :\OT1/cmr/m/n/10.95 5\OML/cmm/m/it/10.95 ; T\OT1/cmr/m/n/10
.95 0\OML/cmm/m/it/10.95 :\OT1/cmr/m/n/10.95 19\OML/cmm/m/it/10.95 ; T\OT1/cmr/
m/n/10.95 0\OML/cmm/m/it/10.95 :\OT1/cmr/m/n/10.95 9]
 []


Overfull \hbox (117.74483pt too wide) detected at line 398
[] [][] \OT1/cmr/m/n/10.95 [[] : \OML/cmm/m/it/10.95 T\OT1/cmr/m/n/10.95 5\OML/
cmm/m/it/10.95 :\OT1/cmr/m/n/10.95 6\OML/cmm/m/it/10.95 ; T\OT1/cmr/m/n/10.95 5
\OML/cmm/m/it/10.95 :\OT1/cmr/m/n/10.95 4\OML/cmm/m/it/10.95 ; T\OT1/cmr/m/n/10
.95 0\OML/cmm/m/it/10.95 :\OT1/cmr/m/n/10.95 20\OML/cmm/m/it/10.95 ; T\OT1/cmr/
m/n/10.95 0\OML/cmm/m/it/10.95 :\OT1/cmr/m/n/10.95 9\OML/cmm/m/it/10.95 ; T\OT1
/cmr/m/n/10.95 0\OML/cmm/m/it/10.95 :\OT1/cmr/m/n/10.95 12]
 []


Overfull \hbox (34.73283pt too wide) detected at line 418
[] [][] \OT1/cmr/m/n/10.95 [[] : \OML/cmm/m/it/10.95 T\OT1/cmr/m/n/10.95 3\OML/
cmm/m/it/10.95 :\OT1/cmr/m/n/10.95 2\OML/cmm/m/it/10.95 ; T\OT1/cmr/m/n/10.95 2
\OML/cmm/m/it/10.95 :\OT1/cmr/m/n/10.95 3\OML/cmm/m/it/10.95 ; T\OT1/cmr/m/n/10
.95 2\OML/cmm/m/it/10.95 :\OT1/cmr/m/n/10.95 10\OML/cmm/m/it/10.95 ; T\OT1/cmr/
m/n/10.95 0\OML/cmm/m/it/10.95 :\OT1/cmr/m/n/10.95 9\OML/cmm/m/it/10.95 ; T\OT1
/cmr/m/n/10.95 0\OML/cmm/m/it/10.95 :\OT1/cmr/m/n/10.95 6\OML/cmm/m/it/10.95 ; 
T\OT1/cmr/m/n/10.95 0\OML/cmm/m/it/10.95 :\OT1/cmr/m/n/10.95 5\OML/cmm/m/it/10.
95 ; T\OT1/cmr/m/n/10.95 0\OML/cmm/m/it/10.95 :\OT1/cmr/m/n/10.95 7]
 []


Overfull \hbox (91.65895pt too wide) detected at line 426
[] [][] \OT1/cmr/m/n/10.95 [[] : \OML/cmm/m/it/10.95 T\OT1/cmr/m/n/10.95 3\OML/
cmm/m/it/10.95 :\OT1/cmr/m/n/10.95 5\OML/cmm/m/it/10.95 ; T\OT1/cmr/m/n/10.95 2
\OML/cmm/m/it/10.95 :\OT1/cmr/m/n/10.95 11\OML/cmm/m/it/10.95 ; T\OT1/cmr/m/n/1
0.95 5\OML/cmm/m/it/10.95 :\OT1/cmr/m/n/10.95 8\OML/cmm/m/it/10.95 ; T\OT1/cmr/
m/n/10.95 2\OML/cmm/m/it/10.95 :\OT1/cmr/m/n/10.95 10\OML/cmm/m/it/10.95 ; T\OT
1/cmr/m/n/10.95 0\OML/cmm/m/it/10.95 :\OT1/cmr/m/n/10.95 9\OML/cmm/m/it/10.95 ;
 T\OT1/cmr/m/n/10.95 0\OML/cmm/m/it/10.95 :\OT1/cmr/m/n/10.95 6]
 []

[7]
Overfull \hbox (174.66159pt too wide) detected at line 439
[] [][] \OT1/cmr/m/n/10.95 [[] : \OML/cmm/m/it/10.95 T\OT1/cmr/m/n/10.95 4\OML/
cmm/m/it/10.95 :\OT1/cmr/m/n/10.95 4\OML/cmm/m/it/10.95 ; T\OT1/cmr/m/n/10.95 5
\OML/cmm/m/it/10.95 :\OT1/cmr/m/n/10.95 9\OML/cmm/m/it/10.95 ; T\OT1/cmr/m/n/10
.95 5\OML/cmm/m/it/10.95 :\OT1/cmr/m/n/10.95 3\OML/cmm/m/it/10.95 ; T\OT1/cmr/m
/n/10.95 4\OML/cmm/m/it/10.95 :\OT1/cmr/m/n/10.95 2\OML/cmm/m/it/10.95 ; T\OT1/
cmr/m/n/10.95 5\OML/cmm/m/it/10.95 :\OT1/cmr/m/n/10.95 1\OML/cmm/m/it/10.95 ; T
\OT1/cmr/m/n/10.95 0\OML/cmm/m/it/10.95 :\OT1/cmr/m/n/10.95 12\OML/cmm/m/it/10.
95 ; T\OT1/cmr/m/n/10.95 0\OML/cmm/m/it/10.95 :\OT1/cmr/m/n/10.95 9\OML/cmm/m/i
t/10.95 ; T\OT1/cmr/m/n/10.95 2\OML/cmm/m/it/10.95 :\OT1/cmr/m/n/10.95 10]
 []


Overfull \hbox (173.01343pt too wide) detected at line 451
[] [][] \OT1/cmr/m/n/10.95 [[] : \OML/cmm/m/it/10.95 T\OT1/cmr/m/n/10.95 4\OML/
cmm/m/it/10.95 :\OT1/cmr/m/n/10.95 5\OML/cmm/m/it/10.95 ; T\OT1/cmr/m/n/10.95 3
\OML/cmm/m/it/10.95 :\OT1/cmr/m/n/10.95 4\OML/cmm/m/it/10.95 ; T\OT1/cmr/m/n/10
.95 2\OML/cmm/m/it/10.95 :\OT1/cmr/m/n/10.95 3\OML/cmm/m/it/10.95 ; T\OT1/cmr/m
/n/10.95 1\OML/cmm/m/it/10.95 :\OT1/cmr/m/n/10.95 1\OML/cmm/m/it/10.95 ; T\OT1/
cmr/m/n/10.95 2\OML/cmm/m/it/10.95 :\OT1/cmr/m/n/10.95 10]
 []


Overfull \hbox (385.81364pt too wide) detected at line 466
[] [][] \OT1/cmr/m/n/10.95 [[] : \OML/cmm/m/it/10.95 T\OT1/cmr/m/n/10.95 5\OML/
cmm/m/it/10.95 :\OT1/cmr/m/n/10.95 10\OML/cmm/m/it/10.95 ; T\OT1/cmr/m/n/10.95 
0\OML/cmm/m/it/10.95 :\OT1/cmr/m/n/10.95 12\OML/cmm/m/it/10.95 ; T\OT1/cmr/m/n/
10.95 5\OML/cmm/m/it/10.95 :\OT1/cmr/m/n/10.95 1\OML/cmm/m/it/10.95 ; T\OT1/cmr
/m/n/10.95 5\OML/cmm/m/it/10.95 :\OT1/cmr/m/n/10.95 8\OML/cmm/m/it/10.95 ; T\OT
1/cmr/m/n/10.95 4\OML/cmm/m/it/10.95 :\OT1/cmr/m/n/10.95 2\OML/cmm/m/it/10.95 ;
 T\OT1/cmr/m/n/10.95 2\OML/cmm/m/it/10.95 :\OT1/cmr/m/n/10.95 10]
 []


Package hyperref Warning: Token not allowed in a PDF string (Unicode):
(hyperref)                removing `math shift' on input line 468.


Package hyperref Warning: Token not allowed in a PDF string (Unicode):
(hyperref)                removing `superscript' on input line 468.


Package hyperref Warning: Token not allowed in a PDF string (Unicode):
(hyperref)                removing `\prime' on input line 468.


Package hyperref Warning: Token not allowed in a PDF string (Unicode):
(hyperref)                removing `math shift' on input line 468.


Overfull \hbox (186.35321pt too wide) detected at line 477
[] [][] \OT1/cmr/m/n/10.95 [[] : \OML/cmm/m/it/10.95 T\OT1/cmr/m/n/10.95 1\OML/
cmm/m/it/10.95 :\OT1/cmr/m/n/10.95 1\OML/cmm/m/it/10.95 ; T\OT1/cmr/m/n/10.95 2
\OML/cmm/m/it/10.95 :\OT1/cmr/m/n/10.95 3\OML/cmm/m/it/10.95 ; T\OT1/cmr/m/n/10
.95 2\OML/cmm/m/it/10.95 :\OT1/cmr/m/n/10.95 4\OML/cmm/m/it/10.95 ; T\OT1/cmr/m
/n/10.95 0\OML/cmm/m/it/10.95 :\OT1/cmr/m/n/10.95 10\OML/cmm/m/it/10.95 ; T\OT1
/cmr/m/n/10.95 0\OML/cmm/m/it/10.95 :\OT1/cmr/m/n/10.95 9\OML/cmm/m/it/10.95 ; 
T\OT1/cmr/m/n/10.95 0\OML/cmm/m/it/10.95 :\OT1/cmr/m/n/10.95 16\OML/cmm/m/it/10
.95 ; T\OT1/cmr/m/n/10.95 3\OML/cmm/m/it/10.95 :\OT1/cmr/m/n/10.95 2]
 []


Overfull \hbox (67.30188pt too wide) detected at line 484
[] [][] \OT1/cmr/m/n/10.95 [[] : \OML/cmm/m/it/10.95 T\OT1/cmr/m/n/10.95 2\OML/
cmm/m/it/10.95 :\OT1/cmr/m/n/10.95 5\OML/cmm/m/it/10.95 ; T\OT1/cmr/m/n/10.95 2
\OML/cmm/m/it/10.95 :\OT1/cmr/m/n/10.95 4\OML/cmm/m/it/10.95 ; T\OT1/cmr/m/n/10
.95 0\OML/cmm/m/it/10.95 :\OT1/cmr/m/n/10.95 9\OML/cmm/m/it/10.95 ; T\OT1/cmr/m
/n/10.95 0\OML/cmm/m/it/10.95 :\OT1/cmr/m/n/10.95 12]
 []


Overfull \hbox (117.15785pt too wide) detected at line 491
[] [][] \OT1/cmr/m/n/10.95 [[] : \OML/cmm/m/it/10.95 T\OT1/cmr/m/n/10.95 0\OML/
cmm/m/it/10.95 :\OT1/cmr/m/n/10.95 13\OML/cmm/m/it/10.95 ; T\OT1/cmr/m/n/10.95 
5\OML/cmm/m/it/10.95 :\OT1/cmr/m/n/10.95 1\OML/cmm/m/it/10.95 ; T\OT1/cmr/m/n/1
0.95 6[]\OML/cmm/m/it/10.95 :\OT1/cmr/m/n/10.95 1]
 []


Overfull \hbox (222.71368pt too wide) detected at line 502
[] [][] \OT1/cmr/m/n/10.95 [[] : \OML/cmm/m/it/10.95 T\OT1/cmr/m/n/10.95 1\OML/
cmm/m/it/10.95 :\OT1/cmr/m/n/10.95 6\OML/cmm/m/it/10.95 ; T\OT1/cmr/m/n/10.95 0
\OML/cmm/m/it/10.95 :\OT1/cmr/m/n/10.95 11\OML/cmm/m/it/10.95 ; T\OT1/cmr/m/n/1
0.95 6[]\OML/cmm/m/it/10.95 :\OT1/cmr/m/n/10.95 2\OML/cmm/m/it/10.95 ; T\OT1/cm
r/m/n/10.95 1\OML/cmm/m/it/10.95 :\OT1/cmr/m/n/10.95 3\OML/cmm/m/it/10.95 ; T\O
T1/cmr/m/n/10.95 0\OML/cmm/m/it/10.95 :\OT1/cmr/m/n/10.95 12]
 []

[8]
Overfull \hbox (25.65051pt too wide) detected at line 507
[] [][] \OT1/cmr/m/n/10.95 [[] : \OML/cmm/m/it/10.95 T\OT1/cmr/m/n/10.95 0\OML/
cmm/m/it/10.95 :\OT1/cmr/m/n/10.95 19\OML/cmm/m/it/10.95 ; T\OT1/cmr/m/n/10.95 
0\OML/cmm/m/it/10.95 :\OT1/cmr/m/n/10.95 8\OML/cmm/m/it/10.95 ; T\OT1/cmr/m/n/1
0.95 0\OML/cmm/m/it/10.95 :\OT1/cmr/m/n/10.95 9]
 []


Overfull \hbox (139.17169pt too wide) detected at line 517
[] [][] \OT1/cmr/m/n/10.95 [[] : \OML/cmm/m/it/10.95 T\OT1/cmr/m/n/10.95 3\OML/
cmm/m/it/10.95 :\OT1/cmr/m/n/10.95 1\OML/cmm/m/it/10.95 ; T\OT1/cmr/m/n/10.95 0
\OML/cmm/m/it/10.95 :\OT1/cmr/m/n/10.95 9\OML/cmm/m/it/10.95 ; T\OT1/cmr/m/n/10
.95 6[]\OML/cmm/m/it/10.95 :\OT1/cmr/m/n/10.95 4]
 []


Overfull \hbox (139.43576pt too wide) detected at line 535
[] [][] \OT1/cmr/m/n/10.95 [[] : \OML/cmm/m/it/10.95 T\OT1/cmr/m/n/10.95 6[]\OM
L/cmm/m/it/10.95 :\OT1/cmr/m/n/10.95 6\OML/cmm/m/it/10.95 ; T\OT1/cmr/m/n/10.95
 0\OML/cmm/m/it/10.95 :\OT1/cmr/m/n/10.95 9]
 []


Overfull \hbox (138.40675pt too wide) detected at line 544
[] [][] \OT1/cmr/m/n/10.95 [[] : \OML/cmm/m/it/10.95 T\OT1/cmr/m/n/10.95 3\OML/
cmm/m/it/10.95 :\OT1/cmr/m/n/10.95 2\OML/cmm/m/it/10.95 ; T\OT1/cmr/m/n/10.95 2
\OML/cmm/m/it/10.95 :\OT1/cmr/m/n/10.95 3\OML/cmm/m/it/10.95 ; T\OT1/cmr/m/n/10
.95 2\OML/cmm/m/it/10.95 :\OT1/cmr/m/n/10.95 10\OML/cmm/m/it/10.95 ; T\OT1/cmr/
m/n/10.95 0\OML/cmm/m/it/10.95 :\OT1/cmr/m/n/10.95 6\OML/cmm/m/it/10.95 ; T\OT1
/cmr/m/n/10.95 0\OML/cmm/m/it/10.95 :\OT1/cmr/m/n/10.95 9]
 []


Overfull \hbox (220.1858pt too wide) detected at line 556
[] [][] \OT1/cmr/m/n/10.95 [[] : \OML/cmm/m/it/10.95 T\OT1/cmr/m/n/10.95 3\OML/
cmm/m/it/10.95 :\OT1/cmr/m/n/10.95 5\OML/cmm/m/it/10.95 ; T\OT1/cmr/m/n/10.95 2
\OML/cmm/m/it/10.95 :\OT1/cmr/m/n/10.95 11\OML/cmm/m/it/10.95 ; T\OT1/cmr/m/n/1
0.95 6[]\OML/cmm/m/it/10.95 :\OT1/cmr/m/n/10.95 7\OML/cmm/m/it/10.95 ; T\OT1/cm
r/m/n/10.95 6[]\OML/cmm/m/it/10.95 :\OT1/cmr/m/n/10.95 8\OML/cmm/m/it/10.95 ; T
\OT1/cmr/m/n/10.95 0\OML/cmm/m/it/10.95 :\OT1/cmr/m/n/10.95 9]
 []

[9]
Overfull \hbox (234.46147pt too wide) detected at line 570
[] [][] \OT1/cmr/m/n/10.95 [[] : \OML/cmm/m/it/10.95 T\OT1/cmr/m/n/10.95 4\OML/
cmm/m/it/10.95 :\OT1/cmr/m/n/10.95 4\OML/cmm/m/it/10.95 ; T\OT1/cmr/m/n/10.95 2
\OML/cmm/m/it/10.95 :\OT1/cmr/m/n/10.95 10\OML/cmm/m/it/10.95 ; T\OT1/cmr/m/n/1
0.95 6[]\OML/cmm/m/it/10.95 :\OT1/cmr/m/n/10.95 3\OML/cmm/m/it/10.95 ; T\OT1/cm
r/m/n/10.95 6[]\OML/cmm/m/it/10.95 :\OT1/cmr/m/n/10.95 9\OML/cmm/m/it/10.95 ; T
\OT1/cmr/m/n/10.95 0\OML/cmm/m/it/10.95 :\OT1/cmr/m/n/10.95 9]
 []


Overfull \hbox (170.22252pt too wide) detected at line 580
[] [][] \OT1/cmr/m/n/10.95 [[] : \OML/cmm/m/it/10.95 T\OT1/cmr/m/n/10.95 6[]\OM
L/cmm/m/it/10.95 :\OT1/cmr/m/n/10.95 1\OML/cmm/m/it/10.95 ; T\OT1/cmr/m/n/10.95
 6[]\OML/cmm/m/it/10.95 :\OT1/cmr/m/n/10.95 3\OML/cmm/m/it/10.95 ; T\OT1/cmr/m/
n/10.95 6[]\OML/cmm/m/it/10.95 :\OT1/cmr/m/n/10.95 9\OML/cmm/m/it/10.95 ; T\OT1
/cmr/m/n/10.95 6[]\OML/cmm/m/it/10.95 :\OT1/cmr/m/n/10.95 10\OML/cmm/m/it/10.95
 ; T\OT1/cmr/m/n/10.95 0\OML/cmm/m/it/10.95 :\OT1/cmr/m/n/10.95 12\OML/cmm/m/it
/10.95 ; T\OT1/cmr/m/n/10.95 0\OML/cmm/m/it/10.95 :\OT1/cmr/m/n/10.95 9]
 []


Overfull \hbox (197.55847pt too wide) detected at line 587
[] [][] \OT1/cmr/m/n/10.95 [[] : \OML/cmm/m/it/10.95 T\OT1/cmr/m/n/10.95 5\OML/
cmm/m/it/10.95 :\OT1/cmr/m/n/10.95 2\OML/cmm/m/it/10.95 ; T\OT1/cmr/m/n/10.95 5
\OML/cmm/m/it/10.95 :\OT1/cmr/m/n/10.95 3\OML/cmm/m/it/10.95 ; T\OT1/cmr/m/n/10
.95 5\OML/cmm/m/it/10.95 :\OT1/cmr/m/n/10.95 7\OML/cmm/m/it/10.95 ; T\OT1/cmr/m
/n/10.95 5\OML/cmm/m/it/10.95 :\OT1/cmr/m/n/10.95 8\OML/cmm/m/it/10.95 ; T\OT1/
cmr/m/n/10.95 5\OML/cmm/m/it/10.95 :\OT1/cmr/m/n/10.95 9\OML/cmm/m/it/10.95 ; T
\OT1/cmr/m/n/10.95 6\OML/cmm/m/it/10.95 :\OT1/cmr/m/n/10.95 2\OML/cmm/m/it/10.9
5 ; T\OT1/cmr/m/n/10.95 6[]\OML/cmm/m/it/10.95 :\OT1/cmr/m/n/10.95 2\OML/cmm/m/
it/10.95 ; T\OT1/cmr/m/n/10.95 6[]\OML/cmm/m/it/10.95 :\OT1/cmr/m/n/10.95 3\OML
/cmm/m/it/10.95 ; T\OT1/cmr/m/n/10.95 6[]\OML/cmm/m/it/10.95 :\OT1/cmr/m/n/10.9
5 5\OML/cmm/m/it/10.95 ; T\OT1/cmr/m/n/10.95 6[]\OML/cmm/m/it/10.95 :\OT1/cmr/m
/n/10.95 7\OML/cmm/m/it/10.95 ; T\OT1/cmr/m/n/10.95 6[]\OML/cmm/m/it/10.95 :\OT
1/cmr/m/n/10.95 9\OML/cmm/m/it/10.95 ; T\OT1/cmr/m/n/10.95 6[]\OML/cmm/m/it/10.
95 :\OT1/cmr/m/n/10.95 11]
 []


Overfull \hbox (181.83267pt too wide) detected at line 595
[] [][] \OT1/cmr/m/n/10.95 [[] : \OML/cmm/m/it/10.95 T\OT1/cmr/m/n/10.95 0\OML/
cmm/m/it/10.95 :\OT1/cmr/m/n/10.95 9\OML/cmm/m/it/10.95 ; T\OT1/cmr/m/n/10.95 0
\OML/cmm/m/it/10.95 :\OT1/cmr/m/n/10.95 3\OML/cmm/m/it/10.95 ; T\OT1/cmr/m/n/10
.95 0\OML/cmm/m/it/10.95 :\OT1/cmr/m/n/10.95 1]
 []


Overfull \hbox (254.59187pt too wide) detected at line 605
[] [][] \OT1/cmr/m/n/10.95 [[] : \OML/cmm/m/it/10.95 T\OT1/cmr/m/n/10.95 2\OML/
cmm/m/it/10.95 :\OT1/cmr/m/n/10.95 10\OML/cmm/m/it/10.95 ; T\OT1/cmr/m/n/10.95 
7\OML/cmm/m/it/10.95 :\OT1/cmr/m/n/10.95 0\OML/cmm/m/it/10.95 ; T\OT1/cmr/m/n/1
0.95 0\OML/cmm/m/it/10.95 :\OT1/cmr/m/n/10.95 3\OML/cmm/m/it/10.95 ; T\OT1/cmr/
m/n/10.95 0\OML/cmm/m/it/10.95 :\OT1/cmr/m/n/10.95 9\OML/cmm/m/it/10.95 ; T\OT1
/cmr/m/n/10.95 0\OML/cmm/m/it/10.95 :\OT1/cmr/m/n/10.95 1]
 []

[10]
Overfull \hbox (395.98282pt too wide) detected at line 614
[] [][] \OT1/cmr/m/n/10.95 [[] : \OML/cmm/m/it/10.95 T\OT1/cmr/m/n/10.95 4\OML/
cmm/m/it/10.95 :\OT1/cmr/m/n/10.95 3\OML/cmm/m/it/10.95 ; T\OT1/cmr/m/n/10.95 4
\OML/cmm/m/it/10.95 :\OT1/cmr/m/n/10.95 4\OML/cmm/m/it/10.95 ; T\OT1/cmr/m/n/10
.95 4\OML/cmm/m/it/10.95 :\OT1/cmr/m/n/10.95 2\OML/cmm/m/it/10.95 ; T\OT1/cmr/m
/n/10.95 2\OML/cmm/m/it/10.95 :\OT1/cmr/m/n/10.95 10\OML/cmm/m/it/10.95 ; T\OT1
/cmr/m/n/10.95 0\OML/cmm/m/it/10.95 :\OT1/cmr/m/n/10.95 9\OML/cmm/m/it/10.95 ; 
T\OT1/cmr/m/n/10.95 0\OML/cmm/m/it/10.95 :\OT1/cmr/m/n/10.95 1]
 []


Overfull \hbox (1128.9602pt too wide) detected at line 627
[] [][] \OT1/cmr/m/n/10.95 [[] : \OML/cmm/m/it/10.95 T\OT1/cmr/m/n/10.95 7\OML/
cmm/m/it/10.95 :\OT1/cmr/m/n/10.95 1\OML/cmm/m/it/10.95 ; T\OT1/cmr/m/n/10.95 7
\OML/cmm/m/it/10.95 :\OT1/cmr/m/n/10.95 2\OML/cmm/m/it/10.95 ; T\OT1/cmr/m/n/10
.95 7\OML/cmm/m/it/10.95 :\OT1/cmr/m/n/10.95 0\OML/cmm/m/it/10.95 ; T\OT1/cmr/m
/n/10.95 0\OML/cmm/m/it/10.95 :\OT1/cmr/m/n/10.95 9\OML/cmm/m/it/10.95 ; T\OT1/
cmr/m/n/10.95 0\OML/cmm/m/it/10.95 :\OT1/cmr/m/n/10.95 11]
 []


Overfull \hbox (254.15662pt too wide) detected at line 643
[] [][] \OT1/cmr/m/n/10.95 [[] : \OML/cmm/m/it/10.95 T\OT1/cmr/m/n/10.95 7\OML/
cmm/m/it/10.95 :\OT1/cmr/m/n/10.95 3\OML/cmm/m/it/10.95 ; T\OT1/cmr/m/n/10.95 7
\OML/cmm/m/it/10.95 :\OT1/cmr/m/n/10.95 1\OML/cmm/m/it/10.95 ; T\OT1/cmr/m/n/10
.95 7\OML/cmm/m/it/10.95 :\OT1/cmr/m/n/10.95 0\OML/cmm/m/it/10.95 ; T\OT1/cmr/m
/n/10.95 0\OML/cmm/m/it/10.95 :\OT1/cmr/m/n/10.95 9]
 []

[11]
! Misplaced alignment tab character &.
\next@ ->&
          \kern -\alignsep@ 
l.661 ...T7.1,T4.3,T4.2,T3.5,T2.10,T0.9,T0.3,T0.6}
                                                  
I can't figure out why you would want to use a tab mark
here. If you just want an ampersand, the remedy is
simple: Just type `I\&' now. But if some right brace
up above has ended a previous alignment prematurely,
you're probably due for more error messages, and you
might try typing `S' now just to see what is salvageable.

! Misplaced \cr.
\math@cr@@@ ...&\kern -\alignsep@ }\fi \next@ \cr 
                                                  
l.661 ...T7.1,T4.3,T4.2,T3.5,T2.10,T0.9,T0.3,T0.6}
                                                  
I can't figure out why you would want to use a tab mark
or \cr or \span just now. If something like a right brace
up above has ended a previous alignment prematurely,
you're probably due for more error messages, and you
might try typing `S' now just to see what is salvageable.

! Misplaced \noalign.
\math@cr@@ ... \iffalse }\fi \math@cr@@@ \noalign 
                                                  {\vskip #1\relax }
l.661 ...T7.1,T4.3,T4.2,T3.5,T2.10,T0.9,T0.3,T0.6}
                                                  
I expect to see \noalign only after the \cr of
an alignment. Proceed, and I'll ignore this case.

! Missing } inserted.
<inserted text> 
                }
l.661 ...T7.1,T4.3,T4.2,T3.5,T2.10,T0.9,T0.3,T0.6}
                                                  
I've inserted something that you may have forgotten.
(See the <inserted text> above.)
With luck, this will get me unwedged. But if you
really didn't forget anything, try typing `2' now; then
my insertion and my current dilemma will both disappear.

! Missing } inserted.
<inserted text> 
                }
l.661 ...T7.1,T4.3,T4.2,T3.5,T2.10,T0.9,T0.3,T0.6}
                                                  
I've inserted something that you may have forgotten.
(See the <inserted text> above.)
With luck, this will get me unwedged. But if you
really didn't forget anything, try typing `2' now; then
my insertion and my current dilemma will both disappear.

! Missing } inserted.
<inserted text> 
                }
l.661 ...T7.1,T4.3,T4.2,T3.5,T2.10,T0.9,T0.3,T0.6}
                                                  
I've inserted something that you may have forgotten.
(See the <inserted text> above.)
With luck, this will get me unwedged. But if you
really didn't forget anything, try typing `2' now; then
my insertion and my current dilemma will both disappear.

! Missing $ inserted.
<inserted text> 
                $
l.661 ...T7.1,T4.3,T4.2,T3.5,T2.10,T0.9,T0.3,T0.6}
                                                  
I've inserted a begin-math/end-math symbol since I think
you left one out. Proceed, with fingers crossed.

! Missing } inserted.
<inserted text> 
                }
l.661 ...T7.1,T4.3,T4.2,T3.5,T2.10,T0.9,T0.3,T0.6}
                                                  
I've inserted something that you may have forgotten.
(See the <inserted text> above.)
With luck, this will get me unwedged. But if you
really didn't forget anything, try typing `2' now; then
my insertion and my current dilemma will both disappear.

! Missing { inserted.
<to be read again> 
                   $
l.661 ...T7.1,T4.3,T4.2,T3.5,T2.10,T0.9,T0.3,T0.6}
                                                  
A left brace was mandatory here, so I've put one in.
You might want to delete and/or insert some corrections
so that I will find a matching right brace soon.
(If you're confused by all this, try typing `I}' now.)

! Missing } inserted.
<inserted text> 
                }
l.661 ...T7.1,T4.3,T4.2,T3.5,T2.10,T0.9,T0.3,T0.6}
                                                  
I've inserted something that you may have forgotten.
(See the <inserted text> above.)
With luck, this will get me unwedged. But if you
really didn't forget anything, try typing `2' now; then
my insertion and my current dilemma will both disappear.

! Missing { inserted.
<to be read again> 
                   $
l.661 ...T7.1,T4.3,T4.2,T3.5,T2.10,T0.9,T0.3,T0.6}
                                                  
A left brace was mandatory here, so I've put one in.
You might want to delete and/or insert some corrections
so that I will find a matching right brace soon.
(If you're confused by all this, try typing `I}' now.)

! Missing } inserted.
<inserted text> 
                }
l.661 ...T7.1,T4.3,T4.2,T3.5,T2.10,T0.9,T0.3,T0.6}
                                                  
I've inserted something that you may have forgotten.
(See the <inserted text> above.)
With luck, this will get me unwedged. But if you
really didn't forget anything, try typing `2' now; then
my insertion and my current dilemma will both disappear.

! Missing { inserted.
<to be read again> 
                   $
l.661 ...T7.1,T4.3,T4.2,T3.5,T2.10,T0.9,T0.3,T0.6}
                                                  
A left brace was mandatory here, so I've put one in.
You might want to delete and/or insert some corrections
so that I will find a matching right brace soon.
(If you're confused by all this, try typing `I}' now.)

! Missing } inserted.
<inserted text> 
                }
l.661 ...T7.1,T4.3,T4.2,T3.5,T2.10,T0.9,T0.3,T0.6}
                                                  
I've inserted something that you may have forgotten.
(See the <inserted text> above.)
With luck, this will get me unwedged. But if you
really didn't forget anything, try typing `2' now; then
my insertion and my current dilemma will both disappear.

! Missing } inserted.
<inserted text> 
                }
l.661 ...T7.1,T4.3,T4.2,T3.5,T2.10,T0.9,T0.3,T0.6}
                                                  
I've inserted something that you may have forgotten.
(See the <inserted text> above.)
With luck, this will get me unwedged. But if you
really didn't forget anything, try typing `2' now; then
my insertion and my current dilemma will both disappear.

! Missing } inserted.
<inserted text> 
                }
l.661 ...T7.1,T4.3,T4.2,T3.5,T2.10,T0.9,T0.3,T0.6}
                                                  
I've inserted something that you may have forgotten.
(See the <inserted text> above.)
With luck, this will get me unwedged. But if you
really didn't forget anything, try typing `2' now; then
my insertion and my current dilemma will both disappear.

! Missing } inserted.
<inserted text> 
                }
l.661 ...T7.1,T4.3,T4.2,T3.5,T2.10,T0.9,T0.3,T0.6}
                                                  
I've inserted something that you may have forgotten.
(See the <inserted text> above.)
With luck, this will get me unwedged. But if you
really didn't forget anything, try typing `2' now; then
my insertion and my current dilemma will both disappear.

! Missing \cr inserted.
<inserted text> 
                \cr 
l.661 ...T7.1,T4.3,T4.2,T3.5,T2.10,T0.9,T0.3,T0.6}
                                                  
I'm guessing that you meant to end an alignment here.

! Missing { inserted.
<inserted text> 
                {
l.661 ...T7.1,T4.3,T4.2,T3.5,T2.10,T0.9,T0.3,T0.6}
                                                  
I've put in what seems to be necessary to fix
the current column of the current alignment.
Try to go on, since this might almost work.

! Missing $ inserted.
<inserted text> 
                $
l.661 ...T7.1,T4.3,T4.2,T3.5,T2.10,T0.9,T0.3,T0.6}
                                                  
I've inserted a begin-math/end-math symbol since I think
you left one out. Proceed, with fingers crossed.


! LaTeX Error: Bad math environment delimiter.

See the LaTeX manual or LaTeX Companion for explanation.
Type  H <return>  for immediate help.
 ...                                              
                                                  
l.661 ...T7.1,T4.3,T4.2,T3.5,T2.10,T0.9,T0.3,T0.6}
                                                  
Your command was ignored.
Type  I <command> <return>  to replace it with another command,
or  <return>  to continue without it.


! LaTeX Error: Bad math environment delimiter.

See the LaTeX manual or LaTeX Companion for explanation.
Type  H <return>  for immediate help.
 ...                                              
                                                  
l.661 ...T7.1,T4.3,T4.2,T3.5,T2.10,T0.9,T0.3,T0.6}
                                                  
Your command was ignored.
Type  I <command> <return>  to replace it with another command,
or  <return>  to continue without it.


! LaTeX Error: Bad math environment delimiter.

See the LaTeX manual or LaTeX Companion for explanation.
Type  H <return>  for immediate help.
 ...                                              
                                                  
l.661 ...T7.1,T4.3,T4.2,T3.5,T2.10,T0.9,T0.3,T0.6}
                                                  
Your command was ignored.
Type  I <command> <return>  to replace it with another command,
or  <return>  to continue without it.


! LaTeX Error: Bad math environment delimiter.

See the LaTeX manual or LaTeX Companion for explanation.
Type  H <return>  for immediate help.
 ...                                              
                                                  
l.661 ...T7.1,T4.3,T4.2,T3.5,T2.10,T0.9,T0.3,T0.6}
                                                  
Your command was ignored.
Type  I <command> <return>  to replace it with another command,
or  <return>  to continue without it.


! LaTeX Error: Bad math environment delimiter.

See the LaTeX manual or LaTeX Companion for explanation.
Type  H <return>  for immediate help.
 ...                                              
                                                  
l.661 ...T7.1,T4.3,T4.2,T3.5,T2.10,T0.9,T0.3,T0.6}
                                                  
Your command was ignored.
Type  I <command> <return>  to replace it with another command,
or  <return>  to continue without it.


! LaTeX Error: Bad math environment delimiter.

See the LaTeX manual or LaTeX Companion for explanation.
Type  H <return>  for immediate help.
 ...                                              
                                                  
l.661 ...T7.1,T4.3,T4.2,T3.5,T2.10,T0.9,T0.3,T0.6}
                                                  
Your command was ignored.
Type  I <command> <return>  to replace it with another command,
or  <return>  to continue without it.


! LaTeX Error: Bad math environment delimiter.

See the LaTeX manual or LaTeX Companion for explanation.
Type  H <return>  for immediate help.
 ...                                              
                                                  
l.661 ...T7.1,T4.3,T4.2,T3.5,T2.10,T0.9,T0.3,T0.6}
                                                  
Your command was ignored.
Type  I <command> <return>  to replace it with another command,
or  <return>  to continue without it.


! LaTeX Error: Bad math environment delimiter.

See the LaTeX manual or LaTeX Companion for explanation.
Type  H <return>  for immediate help.
 ...                                              
                                                  
l.661 ...T7.1,T4.3,T4.2,T3.5,T2.10,T0.9,T0.3,T0.6}
                                                  
Your command was ignored.
Type  I <command> <return>  to replace it with another command,
or  <return>  to continue without it.


! LaTeX Error: Bad math environment delimiter.

See the LaTeX manual or LaTeX Companion for explanation.
Type  H <return>  for immediate help.
 ...                                              
                                                  
l.661 ...T7.1,T4.3,T4.2,T3.5,T2.10,T0.9,T0.3,T0.6}
                                                  
Your command was ignored.
Type  I <command> <return>  to replace it with another command,
or  <return>  to continue without it.


! LaTeX Error: Bad math environment delimiter.

See the LaTeX manual or LaTeX Companion for explanation.
Type  H <return>  for immediate help.
 ...                                              
                                                  
l.661 ...T7.1,T4.3,T4.2,T3.5,T2.10,T0.9,T0.3,T0.6}
                                                  
Your command was ignored.
Type  I <command> <return>  to replace it with another command,
or  <return>  to continue without it.


! LaTeX Error: Bad math environment delimiter.

See the LaTeX manual or LaTeX Companion for explanation.
Type  H <return>  for immediate help.
 ...                                              
                                                  
l.661 ...T7.1,T4.3,T4.2,T3.5,T2.10,T0.9,T0.3,T0.6}
                                                  
Your command was ignored.
Type  I <command> <return>  to replace it with another command,
or  <return>  to continue without it.


! LaTeX Error: Bad math environment delimiter.

See the LaTeX manual or LaTeX Companion for explanation.
Type  H <return>  for immediate help.
 ...                                              
                                                  
l.661 ...T7.1,T4.3,T4.2,T3.5,T2.10,T0.9,T0.3,T0.6}
                                                  
Your command was ignored.
Type  I <command> <return>  to replace it with another command,
or  <return>  to continue without it.


! LaTeX Error: Bad math environment delimiter.

See the LaTeX manual or LaTeX Companion for explanation.
Type  H <return>  for immediate help.
 ...                                              
                                                  
l.661 ...T7.1,T4.3,T4.2,T3.5,T2.10,T0.9,T0.3,T0.6}
                                                  
Your command was ignored.
Type  I <command> <return>  to replace it with another command,
or  <return>  to continue without it.


! LaTeX Error: Bad math environment delimiter.

See the LaTeX manual or LaTeX Companion for explanation.
Type  H <return>  for immediate help.
 ...                                              
                                                  
l.661 ...T7.1,T4.3,T4.2,T3.5,T2.10,T0.9,T0.3,T0.6}
                                                  
Your command was ignored.
Type  I <command> <return>  to replace it with another command,
or  <return>  to continue without it.


! LaTeX Error: Bad math environment delimiter.

See the LaTeX manual or LaTeX Companion for explanation.
Type  H <return>  for immediate help.
 ...                                              
                                                  
l.661 ...T7.1,T4.3,T4.2,T3.5,T2.10,T0.9,T0.3,T0.6}
                                                  
Your command was ignored.
Type  I <command> <return>  to replace it with another command,
or  <return>  to continue without it.


! LaTeX Error: Bad math environment delimiter.

See the LaTeX manual or LaTeX Companion for explanation.
Type  H <return>  for immediate help.
 ...                                              
                                                  
l.661 ...T7.1,T4.3,T4.2,T3.5,T2.10,T0.9,T0.3,T0.6}
                                                  
Your command was ignored.
Type  I <command> <return>  to replace it with another command,
or  <return>  to continue without it.


! LaTeX Error: Bad math environment delimiter.

See the LaTeX manual or LaTeX Companion for explanation.
Type  H <return>  for immediate help.
 ...                                              
                                                  
l.661 ...T7.1,T4.3,T4.2,T3.5,T2.10,T0.9,T0.3,T0.6}
                                                  
Your command was ignored.
Type  I <command> <return>  to replace it with another command,
or  <return>  to continue without it.


! LaTeX Error: Bad math environment delimiter.

See the LaTeX manual or LaTeX Companion for explanation.
Type  H <return>  for immediate help.
 ...                                              
                                                  
l.661 ...T7.1,T4.3,T4.2,T3.5,T2.10,T0.9,T0.3,T0.6}
                                                  
Your command was ignored.
Type  I <command> <return>  to replace it with another command,
or  <return>  to continue without it.


! LaTeX Error: Bad math environment delimiter.

See the LaTeX manual or LaTeX Companion for explanation.
Type  H <return>  for immediate help.
 ...                                              
                                                  
l.661 ...T7.1,T4.3,T4.2,T3.5,T2.10,T0.9,T0.3,T0.6}
                                                  
Your command was ignored.
Type  I <command> <return>  to replace it with another command,
or  <return>  to continue without it.


! LaTeX Error: Bad math environment delimiter.

See the LaTeX manual or LaTeX Companion for explanation.
Type  H <return>  for immediate help.
 ...                                              
                                                  
l.661 ...T7.1,T4.3,T4.2,T3.5,T2.10,T0.9,T0.3,T0.6}
                                                  
Your command was ignored.
Type  I <command> <return>  to replace it with another command,
or  <return>  to continue without it.


! LaTeX Error: Bad math environment delimiter.

See the LaTeX manual or LaTeX Companion for explanation.
Type  H <return>  for immediate help.
 ...                                              
                                                  
l.661 ...T7.1,T4.3,T4.2,T3.5,T2.10,T0.9,T0.3,T0.6}
                                                  
Your command was ignored.
Type  I <command> <return>  to replace it with another command,
or  <return>  to continue without it.


! LaTeX Error: Bad math environment delimiter.

See the LaTeX manual or LaTeX Companion for explanation.
Type  H <return>  for immediate help.
 ...                                              
                                                  
l.661 ...T7.1,T4.3,T4.2,T3.5,T2.10,T0.9,T0.3,T0.6}
                                                  
Your command was ignored.
Type  I <command> <return>  to replace it with another command,
or  <return>  to continue without it.


! LaTeX Error: Bad math environment delimiter.

See the LaTeX manual or LaTeX Companion for explanation.
Type  H <return>  for immediate help.
 ...                                              
                                                  
l.661 ...T7.1,T4.3,T4.2,T3.5,T2.10,T0.9,T0.3,T0.6}
                                                  
Your command was ignored.
Type  I <command> <return>  to replace it with another command,
or  <return>  to continue without it.


! LaTeX Error: Bad math environment delimiter.

See the LaTeX manual or LaTeX Companion for explanation.
Type  H <return>  for immediate help.
 ...                                              
                                                  
l.661 ...T7.1,T4.3,T4.2,T3.5,T2.10,T0.9,T0.3,T0.6}
                                                  
Your command was ignored.
Type  I <command> <return>  to replace it with another command,
or  <return>  to continue without it.

! Extra }, or forgotten \endgroup.
\textdef@ ...th {#1}\let \f@size #2\selectfont #3}
                                                  }
l.661 ...T7.1,T4.3,T4.2,T3.5,T2.10,T0.9,T0.3,T0.6}
                                                  
I've deleted a group-closing symbol because it seems to be
spurious, as in `$x}$'. But perhaps the } is legitimate and
you forgot something else, as in `\hbox{$x}'. In such cases
the way to recover is to insert both the forgotten and the
deleted material, e.g., by typing `I$}'.

! Extra }, or forgotten \endgroup.
\textdef@ ...h {#1}\let \f@size #2\selectfont #3}}
                                                  
l.661 ...T7.1,T4.3,T4.2,T3.5,T2.10,T0.9,T0.3,T0.6}
                                                  
I've deleted a group-closing symbol because it seems to be
spurious, as in `$x}$'. But perhaps the } is legitimate and
you forgot something else, as in `\hbox{$x}'. In such cases
the way to recover is to insert both the forgotten and the
deleted material, e.g., by typing `I$}'.

! Extra }, or forgotten \endgroup.
\text@ ...e {\textdef@ \displaystyle \f@size {#1}}
                                                  {\textdef@ \textstyle \f@s...
l.661 ...T7.1,T4.3,T4.2,T3.5,T2.10,T0.9,T0.3,T0.6}
                                                  
I've deleted a group-closing symbol because it seems to be
spurious, as in `$x}$'. But perhaps the } is legitimate and
you forgot something else, as in `\hbox{$x}'. In such cases
the way to recover is to insert both the forgotten and the
deleted material, e.g., by typing `I$}'.

! Extra }, or forgotten \endgroup.
\text@ ...firstchoice@false #1}}\check@mathfonts }
                                                  
l.661 ...T7.1,T4.3,T4.2,T3.5,T2.10,T0.9,T0.3,T0.6}
                                                  
I've deleted a group-closing symbol because it seems to be
spurious, as in `$x}$'. But perhaps the } is legitimate and
you forgot something else, as in `\hbox{$x}'. In such cases
the way to recover is to insert both the forgotten and the
deleted material, e.g., by typing `I$}'.

! Misplaced \crcr.
\endaligned ->\crcr 
                    \egroup \restorecolumn@ \egroup 
l.661 ...T7.1,T4.3,T4.2,T3.5,T2.10,T0.9,T0.3,T0.6}
                                                  
I can't figure out why you would want to use a tab mark
or \cr or \span just now. If something like a right brace
up above has ended a previous alignment prematurely,
you're probably due for more error messages, and you
might try typing `S' now just to see what is salvageable.

! Extra }, or forgotten \endgroup.
\endaligned ->\crcr \egroup 
                            \restorecolumn@ \egroup 
l.661 ...T7.1,T4.3,T4.2,T3.5,T2.10,T0.9,T0.3,T0.6}
                                                  
I've deleted a group-closing symbol because it seems to be
spurious, as in `$x}$'. But perhaps the } is legitimate and
you forgot something else, as in `\hbox{$x}'. In such cases
the way to recover is to insert both the forgotten and the
deleted material, e.g., by typing `I$}'.

! Extra }, or forgotten \endgroup.
\endaligned ...cr \egroup \restorecolumn@ \egroup 
                                                  
l.661 ...T7.1,T4.3,T4.2,T3.5,T2.10,T0.9,T0.3,T0.6}
                                                  
I've deleted a group-closing symbol because it seems to be
spurious, as in `$x}$'. But perhaps the } is legitimate and
you forgot something else, as in `\hbox{$x}'. In such cases
the way to recover is to insert both the forgotten and the
deleted material, e.g., by typing `I$}'.


Overfull \hbox (7850.0703pt too wide) detected at line 661
[] [][]\OT1/cmr/m/n/10.95 2)\OML/cmm/m/it/10.95 Itsvariancedecaysexactlyas\OT1/
cmr/m/n/10.95 1\OML/cmm/m/it/10.95 =n[]: \OT1/cmr/m/n/10.95 3)\OML/cmm/m/it/10.
95 Thevarianceprefactordependson[]; \OMS/cmsy/m/n/10.95 j[]j[] \OT1/cmr/m/n/10
.95 + \OMS/cmsy/m/n/10.95 j[]j[] \OT1/cmr/m/n/10.95 = \OML/cmm/m/it/10.95 d[]\O
T1/cmr/m/n/10.95 (\OMS/cmsy/m/n/10.95 j[]j[] \OT1/cmr/m/n/10.95 + \OMS/cmsy/m/n
/10.95 j[]j[]\OT1/cmr/m/n/10.95 )\OML/cmm/m/it/10.95 ; andthusiscontrolledby\OM
S/cmsy/m/n/10.95 j\OML/cmm/m/it/10.95 q[]\OMS/cmsy/m/n/10.95 j\OML/cmm/m/it/10.
95 and\OMS/cmsy/m/n/10.95 j\OML/cmm/m/it/10.95 k[]\OMS/cmsy/m/n/10.95 j\OML/cmm
/m/it/10.95 ; whichalreadyenterthegeometricstabilityboundT\OT1/cmr/m/n/10.95 5\
OML/cmm/m/it/10.95 :\OT1/cmr/m/n/10.95 10\OML/cmm/m/it/10.95 : \OT1/cmr/m/n/10.
95 4)\OML/cmm/m/it/10.95 Understandardattentionscaling; [] \OT1/cmr/m/n/10.95 
= \OML/cmm/m/it/10.95 O\OT1/cmr/m/n/10.95 (1)\OML/cmm/m/it/10.95 asd[]grows; an
d\OMS/cmsy/m/n/10.95 j\OML/cmm/m/it/10.95 q[]\OMS/cmsy/m/n/10.95 j\OML/cmm/m/it
/10.95 ; \OMS/cmsy/m/n/10.95 j\OML/cmm/m/it/10.95 k[]\OMS/cmsy/m/n/10.95 j\OML/
cmm/m/it/10.95 scalesothat\OMS/cmsy/m/n/10.95 j[]j[]\OML/cmm/m/it/10.95 and\OMS
/cmsy/m/n/10.95 j[]j[]\OML/cmm/m/it/10.95 remainO\OT1/cmr/m/n/10.95 (1)\OML/cmm
/m/it/10.95 :Hencetheexponentialfactorinthevarianceisnotpathological:\OT1/cmr/m
/n/10.95 )[][][] [[] : \OML/cmm/m/it/10.95 T\OT1/cmr/m/n/10.95 7\OML/cmm/m/it/1
0.95 :\OT1/cmr/m/n/10.95 4\OML/cmm/m/it/10.95 ; T\OT1/cmr/m/n/10.95 7\OML/cmm/m
/it/10.95 :\OT1/cmr/m/n/10.95 2\OML/cmm/m/it/10.95 ; T\OT1/cmr/m/n/10.95 7\OML/
cmm/m/it/10.95 :\OT1/cmr/m/n/10.95 1\OML/cmm/m/it/10.95 ; T\OT1/cmr/m/n/10.95 4
\OML/cmm/m/it/10.95 :\OT1/cmr/m/n/10.95 3\OML/cmm/m/it/10.95 ; T\OT1/cmr/m/n/10
.95 4\OML/cmm/m/it/10.95 :\OT1/cmr/m/n/10.95 2\OML/cmm/m/it/10.95 ; T\OT1/cmr/m
/n/10.95 3\OML/cmm/m/it/10.95 :\OT1/cmr/m/n/10.95 5\OML/cmm/m/it/10.95 ; T\OT1/
cmr/m/n/10.95 2\OML/cmm/m/it/10.95 :\OT1/cmr/m/n/10.95 10\OML/cmm/m/it/10.95 ; 
T\OT1/cmr/m/n/10.95 0\OML/cmm/m/it/10.95 :\OT1/cmr/m/n/10.95 9\OML/cmm/m/it/10.
95 ; T\OT1/cmr/m/n/10.95 0\OML/cmm/m/it/10.95 :\OT1/cmr/m/n/10.95 3\OML/cmm/m/i
t/10.95 ; T\OT1/cmr/m/n/10.95 0\OML/cmm/m/it/10.95 :\OT1/cmr/m/n/10.95 6]
 []

[12]

Package hyperref Warning: Token not allowed in a PDF string (Unicode):
(hyperref)                removing `math shift' on input line 663.


Package hyperref Warning: Token not allowed in a PDF string (Unicode):
(hyperref)                removing `superscript' on input line 663.


Package hyperref Warning: Token not allowed in a PDF string (Unicode):
(hyperref)                removing `\prime' on input line 663.


Package hyperref Warning: Token not allowed in a PDF string (Unicode):
(hyperref)                removing `math shift' on input line 663.


Overfull \hbox (69.03511pt too wide) detected at line 669
[] [][] \OT1/cmr/m/n/10.95 [[] : \OML/cmm/m/it/10.95 T\OT1/cmr/m/n/10.95 0\OML/
cmm/m/it/10.95 :\OT1/cmr/m/n/10.95 9\OML/cmm/m/it/10.95 ; T\OT1/cmr/m/n/10.95 0
\OML/cmm/m/it/10.95 :\OT1/cmr/m/n/10.95 3]
 []


Overfull \hbox (154.79694pt too wide) detected at line 676
[] [][] \OT1/cmr/m/n/10.95 [[] : \OML/cmm/m/it/10.95 T\OT1/cmr/m/n/10.95 0\OML/
cmm/m/it/10.95 :\OT1/cmr/m/n/10.95 1]
 []


Overfull \hbox (462.99437pt too wide) detected at line 682
[] [][] \OT1/cmr/m/n/10.95 [[] : \OML/cmm/m/it/10.95 T\OT1/cmr/m/n/10.95 2\OML/
cmm/m/it/10.95 :\OT1/cmr/m/n/10.95 7\OML/cmm/m/it/10.95 ; T\OT1/cmr/m/n/10.95 2
\OML/cmm/m/it/10.95 :\OT1/cmr/m/n/10.95 10\OML/cmm/m/it/10.95 ; T\OT1/cmr/m/n/1
0.95 3\OML/cmm/m/it/10.95 :\OT1/cmr/m/n/10.95 2\OML/cmm/m/it/10.95 ; T\OT1/cmr/
m/n/10.95 8[]\OML/cmm/m/it/10.95 :\OT1/cmr/m/n/10.95 1]
 []


Overfull \hbox (4.67552pt too wide) detected at line 686
[] [][] \OT1/cmr/m/n/10.95 [[] : \OML/cmm/m/it/10.95 T\OT1/cmr/m/n/10.95 8[]\OM
L/cmm/m/it/10.95 :\OT1/cmr/m/n/10.95 1]
 []

[13]
Overfull \hbox (114.11205pt too wide) detected at line 692
[] [][] \OT1/cmr/m/n/10.95 [[] : \OML/cmm/m/it/10.95 T\OT1/cmr/m/n/10.95 0\OML/
cmm/m/it/10.95 :\OT1/cmr/m/n/10.95 9]
 []


Overfull \hbox (121.10835pt too wide) detected at line 710
[] [][] \OT1/cmr/m/n/10.95 [[] : \OML/cmm/m/it/10.95 T\OT1/cmr/m/n/10.95 3\OML/
cmm/m/it/10.95 :\OT1/cmr/m/n/10.95 4\OML/cmm/m/it/10.95 ; T\OT1/cmr/m/n/10.95 3
\OML/cmm/m/it/10.95 :\OT1/cmr/m/n/10.95 2\OML/cmm/m/it/10.95 ; T\OT1/cmr/m/n/10
.95 6[]\OML/cmm/m/it/10.95 :\OT1/cmr/m/n/10.95 0]
 []


Overfull \hbox (401.33713pt too wide) detected at line 719
[] [][] \OT1/cmr/m/n/10.95 [[] : \OML/cmm/m/it/10.95 T\OT1/cmr/m/n/10.95 2\OML/
cmm/m/it/10.95 :\OT1/cmr/m/n/10.95 10\OML/cmm/m/it/10.95 ; T\OT1/cmr/m/n/10.95 
2\OML/cmm/m/it/10.95 :\OT1/cmr/m/n/10.95 7\OML/cmm/m/it/10.95 ; T\OT1/cmr/m/n/1
0.95 3\OML/cmm/m/it/10.95 :\OT1/cmr/m/n/10.95 2\OML/cmm/m/it/10.95 ; T\OT1/cmr/
m/n/10.95 6[]\OML/cmm/m/it/10.95 :\OT1/cmr/m/n/10.95 3\OML/cmm/m/it/10.95 ; T\O
T1/cmr/m/n/10.95 6[]\OML/cmm/m/it/10.95 :\OT1/cmr/m/n/10.95 9\OML/cmm/m/it/10.9
5 ; T\OT1/cmr/m/n/10.95 0\OML/cmm/m/it/10.95 :\OT1/cmr/m/n/10.95 9\OML/cmm/m/it
/10.95 ; T\OT1/cmr/m/n/10.95 8[]\OML/cmm/m/it/10.95 :\OT1/cmr/m/n/10.95 5\OML/c
mm/m/it/10.95 ; T\OT1/cmr/m/n/10.95 8[]\OML/cmm/m/it/10.95 :\OT1/cmr/m/n/10.95 
5\OML/cmm/m/it/10.95 bis\OT1/cmr/m/n/10.95 ]
 []


Overfull \hbox (211.35768pt too wide) detected at line 730
[] [][] \OT1/cmr/m/n/10.95 [[] : \OML/cmm/m/it/10.95 T\OT1/cmr/m/n/10.95 6[]\OM
L/cmm/m/it/10.95 :\OT1/cmr/m/n/10.95 1\OML/cmm/m/it/10.95 ; T\OT1/cmr/m/n/10.95
 6[]\OML/cmm/m/it/10.95 :\OT1/cmr/m/n/10.95 5\OML/cmm/m/it/10.95 ; T\OT1/cmr/m/
n/10.95 6[]\OML/cmm/m/it/10.95 :\OT1/cmr/m/n/10.95 6\OML/cmm/m/it/10.95 ; T\OT1
/cmr/m/n/10.95 6[]\OML/cmm/m/it/10.95 :\OT1/cmr/m/n/10.95 7\OML/cmm/m/it/10.95 
; T\OT1/cmr/m/n/10.95 6[]\OML/cmm/m/it/10.95 :\OT1/cmr/m/n/10.95 8\OML/cmm/m/it
/10.95 ; T\OT1/cmr/m/n/10.95 6[]\OML/cmm/m/it/10.95 :\OT1/cmr/m/n/10.95 0]
 []


Overfull \hbox (249.4578pt too wide) detected at line 734
[] [][] \OT1/cmr/m/n/10.95 [[] : \OML/cmm/m/it/10.95 T\OT1/cmr/m/n/10.95 6[]\OM
L/cmm/m/it/10.95 :\OT1/cmr/m/n/10.95 1\OML/cmm/m/it/10.95 ; T\OT1/cmr/m/n/10.95
 6[]\OML/cmm/m/it/10.95 :\OT1/cmr/m/n/10.95 2]
 []


Overfull \hbox (182.10251pt too wide) detected at line 743
[] [][] \OT1/cmr/m/n/10.95 [[] : \OML/cmm/m/it/10.95 T\OT1/cmr/m/n/10.95 8[]\OM
L/cmm/m/it/10.95 :\OT1/cmr/m/n/10.95 4\OML/cmm/m/it/10.95 ; T\OT1/cmr/m/n/10.95
 0\OML/cmm/m/it/10.95 :\OT1/cmr/m/n/10.95 9\OML/cmm/m/it/10.95 ; T\OT1/cmr/m/n/
10.95 8[]\OML/cmm/m/it/10.95 :\OT1/cmr/m/n/10.95 7]
 []

[14]
Overfull \hbox (33.09293pt too wide) detected at line 752
[] [][] \OT1/cmr/m/n/10.95 [[] : \OML/cmm/m/it/10.95 T\OT1/cmr/m/n/10.95 8[]\OM
L/cmm/m/it/10.95 :\OT1/cmr/m/n/10.95 3\OML/cmm/m/it/10.95 ; T\OT1/cmr/m/n/10.95
 8[]\OML/cmm/m/it/10.95 :\OT1/cmr/m/n/10.95 10\OML/cmm/m/it/10.95 ; T\OT1/cmr/m
/n/10.95 8[]\OML/cmm/m/it/10.95 :\OT1/cmr/m/n/10.95 11]
 []


Overfull \hbox (15.5197pt too wide) detected at line 756
[] [][] \OT1/cmr/m/n/10.95 [[] : \OML/cmm/m/it/10.95 T\OT1/cmr/m/n/10.95 6[]\OM
L/cmm/m/it/10.95 :\OT1/cmr/m/n/10.95 11\OML/cmm/m/it/10.95 ; T\OT1/cmr/m/n/10.9
5 8[]\OML/cmm/m/it/10.95 :\OT1/cmr/m/n/10.95 7\OML/cmm/m/it/10.95 ; T\OT1/cmr/m
/n/10.95 8[]\OML/cmm/m/it/10.95 :\OT1/cmr/m/n/10.95 8\OML/cmm/m/it/10.95 ; T\OT
1/cmr/m/n/10.95 8[]\OML/cmm/m/it/10.95 :\OT1/cmr/m/n/10.95 8\OML/cmm/m/it/10.95
 bis\OT1/cmr/m/n/10.95 ]
 []


Overfull \hbox (364.00146pt too wide) detected at line 762
[] [][] \OT1/cmr/m/n/10.95 [[] : \OML/cmm/m/it/10.95 T\OT1/cmr/m/n/10.95 2\OML/
cmm/m/it/10.95 :\OT1/cmr/m/n/10.95 10\OML/cmm/m/it/10.95 ; T\OT1/cmr/m/n/10.95 
1\OML/cmm/m/it/10.95 :\OT1/cmr/m/n/10.95 1\OML/cmm/m/it/10.95 ; T\OT1/cmr/m/n/1
0.95 6[]\OML/cmm/m/it/10.95 :\OT1/cmr/m/n/10.95 3\OML/cmm/m/it/10.95 ; T\OT1/cm
r/m/n/10.95 8[]\OML/cmm/m/it/10.95 :\OT1/cmr/m/n/10.95 7\OML/cmm/m/it/10.95 ; T
\OT1/cmr/m/n/10.95 8[]\OML/cmm/m/it/10.95 :\OT1/cmr/m/n/10.95 5\OML/cmm/m/it/10
.95 bis\OT1/cmr/m/n/10.95 ]
 []


Overfull \hbox (79.27742pt too wide) detected at line 767
[] [][] \OT1/cmr/m/n/10.95 [[] : \OML/cmm/m/it/10.95 T\OT1/cmr/m/n/10.95 6[]\OM
L/cmm/m/it/10.95 :\OT1/cmr/m/n/10.95 11\OML/cmm/m/it/10.95 ; T\OT1/cmr/m/n/10.9
5 8[]\OML/cmm/m/it/10.95 :\OT1/cmr/m/n/10.95 6\OML/cmm/m/it/10.95 ; T\OT1/cmr/m
/n/10.95 8[]\OML/cmm/m/it/10.95 :\OT1/cmr/m/n/10.95 7\OML/cmm/m/it/10.95 ; T\OT
1/cmr/m/n/10.95 8[]\OML/cmm/m/it/10.95 :\OT1/cmr/m/n/10.95 8]
 []


Overfull \hbox (92.87276pt too wide) detected at line 773
[] [][] \OT1/cmr/m/n/10.95 [[] : \OML/cmm/m/it/10.95 T\OT1/cmr/m/n/10.95 8[]\OM
L/cmm/m/it/10.95 :\OT1/cmr/m/n/10.95 12\OML/cmm/m/it/10.95 ; T\OT1/cmr/m/n/10.9
5 8[]\OML/cmm/m/it/10.95 :\OT1/cmr/m/n/10.95 14\OML/cmm/m/it/10.95 ; T\OT1/cmr/
m/n/10.95 8[]\OML/cmm/m/it/10.95 :\OT1/cmr/m/n/10.95 15\OML/cmm/m/it/10.95 ; T\
OT1/cmr/m/n/10.95 8[]\OML/cmm/m/it/10.95 :\OT1/cmr/m/n/10.95 6]
 []


Overfull \hbox (262.336pt too wide) detected at line 779
[] [][] \OT1/cmr/m/n/10.95 [[] : \OML/cmm/m/it/10.95 T\OT1/cmr/m/n/10.95 8[]\OM
L/cmm/m/it/10.95 :\OT1/cmr/m/n/10.95 7\OML/cmm/m/it/10.95 ; T\OT1/cmr/m/n/10.95
 0\OML/cmm/m/it/10.95 :\OT1/cmr/m/n/10.95 12]
 []

LaTeX Font Info:    Trying to load font information for U+euf on input line 784
.
(/usr/share/texlive/texmf-dist/tex/latex/amsfonts/ueuf.fd
File: ueuf.fd 2013/01/14 v3.01 Euler Fraktur
)
Overfull \hbox (277.83827pt too wide) detected at line 784
[] [][] \OT1/cmr/m/n/10.95 [[] : \OML/cmm/m/it/10.95 T\OT1/cmr/m/n/10.95 0\OML/
cmm/m/it/10.95 :\OT1/cmr/m/n/10.95 12\OML/cmm/m/it/10.95 ; T\OT1/cmr/m/n/10.95 
2\OML/cmm/m/it/10.95 :\OT1/cmr/m/n/10.95 10]
 []


Overfull \hbox (65.4105pt too wide) detected at line 788
[] [][] \OT1/cmr/m/n/10.95 [[] : \OML/cmm/m/it/10.95 T\OT1/cmr/m/n/10.95 8[]\OM
L/cmm/m/it/10.95 :\OT1/cmr/m/n/10.95 18]
 []


Overfull \hbox (182.05165pt too wide) detected at line 792
[] [][] \OT1/cmr/m/n/10.95 [[] : \OML/cmm/m/it/10.95 T\OT1/cmr/m/n/10.95 8[]\OM
L/cmm/m/it/10.95 :\OT1/cmr/m/n/10.95 12\OML/cmm/m/it/10.95 ; T\OT1/cmr/m/n/10.9
5 8[]\OML/cmm/m/it/10.95 :\OT1/cmr/m/n/10.95 19]
 []


Overfull \hbox (178.5156pt too wide) detected at line 797
[] [][] \OT1/cmr/m/n/10.95 [[] : \OML/cmm/m/it/10.95 T\OT1/cmr/m/n/10.95 8[]\OM
L/cmm/m/it/10.95 :\OT1/cmr/m/n/10.95 16\OML/cmm/m/it/10.95 ; T\OT1/cmr/m/n/10.9
5 8[]\OML/cmm/m/it/10.95 :\OT1/cmr/m/n/10.95 17\OML/cmm/m/it/10.95 ; T\OT1/cmr/
m/n/10.95 8[]\OML/cmm/m/it/10.95 :\OT1/cmr/m/n/10.95 20\OML/cmm/m/it/10.95 ; T\
OT1/cmr/m/n/10.95 8[]\OML/cmm/m/it/10.95 :\OT1/cmr/m/n/10.95 6\OML/cmm/m/it/10.
95 ; T\OT1/cmr/m/n/10.95 8[]\OML/cmm/m/it/10.95 :\OT1/cmr/m/n/10.95 18]
 []


Overfull \hbox (292.40205pt too wide) detected at line 804
[] [][] \OT1/cmr/m/n/10.95 [[] : \OML/cmm/m/it/10.95 T\OT1/cmr/m/n/10.95 8[]\OM
L/cmm/m/it/10.95 :\OT1/cmr/m/n/10.95 12\OML/cmm/m/it/10.95 ; T\OT1/cmr/m/n/10.9
5 8[]\OML/cmm/m/it/10.95 :\OT1/cmr/m/n/10.95 7\OML/cmm/m/it/10.95 ; T\OT1/cmr/m
/n/10.95 8[]\OML/cmm/m/it/10.95 :\OT1/cmr/m/n/10.95 1\OML/cmm/m/it/10.95 bis\OT
1/cmr/m/n/10.95 ]
 []

[15]
Overfull \hbox (236.62123pt too wide) detected at line 809
[] [][] \OT1/cmr/m/n/10.95 [[] : \OML/cmm/m/it/10.95 T\OT1/cmr/m/n/10.95 3\OML/
cmm/m/it/10.95 :\OT1/cmr/m/n/10.95 4\OML/cmm/m/it/10.95 ; T\OT1/cmr/m/n/10.95 2
\OML/cmm/m/it/10.95 :\OT1/cmr/m/n/10.95 9\OML/cmm/m/it/10.95 ; T\OT1/cmr/m/n/10
.95 8[]\OML/cmm/m/it/10.95 :\OT1/cmr/m/n/10.95 7\OML/cmm/m/it/10.95 ; T\OT1/cmr
/m/n/10.95 8[]\OML/cmm/m/it/10.95 :\OT1/cmr/m/n/10.95 14]
 []

[16] (./equivariant-paper-detailed-proofs.aux)
 ***********
LaTeX2e <2023-06-01>
L3 programming layer <2023-06-05>
 ***********
Package rerunfilecheck Info: File `equivariant-paper-detailed-proofs.out' has n
ot changed.
(rerunfilecheck)             Checksum: ECB1BA3D313A979C913BF068E7477F50;2217.
 ) 
Here is how much of TeX's memory you used:
 21581 strings out of 475735
 395132 string characters out of 5784786
 1886759 words of memory out of 5000000
 41941 multiletter control sequences out of 15000+600000
 525801 words of font info for 82 fonts, out of 8000000 for 9000
 1141 hyphenation exceptions out of 8191
 102i,17n,107p,845b,449s stack positions out of 10000i,1000n,20000p,200000b,200000s
</usr/share/texlive/texmf-dist/fonts/type1/public/amsfonts/cm/cmbx10.pfb></us
r/share/texlive/texmf-dist/fonts/type1/public/amsfonts/cm/cmbx12.pfb></usr/shar
e/texlive/texmf-dist/fonts/type1/public/amsfonts/cm/cmex10.pfb></usr/share/texl
ive/texmf-dist/fonts/type1/public/amsfonts/cmextra/cmex7.pfb></usr/share/texliv
e/texmf-dist/fonts/type1/public/amsfonts/cmextra/cmex8.pfb></usr/share/texlive/
texmf-dist/fonts/type1/public/amsfonts/cm/cmmi10.pfb></usr/share/texlive/texmf-
dist/fonts/type1/public/amsfonts/cm/cmmi5.pfb></usr/share/texlive/texmf-dist/fo
nts/type1/public/amsfonts/cm/cmmi6.pfb></usr/share/texlive/texmf-dist/fonts/typ
e1/public/amsfonts/cm/cmmi8.pfb></usr/share/texlive/texmf-dist/fonts/type1/publ
ic/amsfonts/cm/cmr10.pfb></usr/share/texlive/texmf-dist/fonts/type1/public/amsf
onts/cm/cmr17.pfb></usr/share/texlive/texmf-dist/fonts/type1/public/amsfonts/cm
/cmr5.pfb></usr/share/texlive/texmf-dist/fonts/type1/public/amsfonts/cm/cmr6.pf
b></usr/share/texlive/texmf-dist/fonts/type1/public/amsfonts/cm/cmr8.pfb></usr/
share/texlive/texmf-dist/fonts/type1/public/amsfonts/cm/cmsy10.pfb></usr/share/
texlive/texmf-dist/fonts/type1/public/amsfonts/cm/cmsy5.pfb></usr/share/texlive
/texmf-dist/fonts/type1/public/amsfonts/cm/cmsy6.pfb></usr/share/texlive/texmf-
dist/fonts/type1/public/amsfonts/cm/cmsy8.pfb></usr/share/texlive/texmf-dist/fo
nts/type1/public/amsfonts/cm/cmti10.pfb></usr/share/texlive/texmf-dist/fonts/ty
pe1/public/amsfonts/euler/eufm10.pfb></usr/share/texlive/texmf-dist/fonts/type1
/public/amsfonts/symbols/msam10.pfb></usr/share/texlive/texmf-dist/fonts/type1/
public/amsfonts/symbols/msbm10.pfb>
Output written on equivariant-paper-detailed-proofs.pdf (16 pages, 340783 bytes
).
PDF statistics:
 247 PDF objects out of 1000 (max. 8388607)
 183 compressed objects within 2 object streams
 28 named destinations out of 1000 (max. 500000)
 93 words of extra memory for PDF output out of 10000 (max. 10000000)

